#
# A fatal error has been detected by the Java Runtime Environment:
#
#  SIGBUS (0x7) at pc=0x00007812dd97cb70, pid=25077, tid=25085
#
# JRE version: OpenJDK Runtime Environment JBR-21.0.5+8-631.28-jcef (21.0.5+8) (build 21.0.5+8-b631.28)
# Java VM: OpenJDK 64-Bit Server VM JBR-21.0.5+8-631.28-jcef (21.0.5+8-b631.28, mixed mode, sharing, tiered, compressed oops, compressed class ptrs, g1 gc, linux-amd64)
# Problematic frame:
# C  [libc.so.6+0x47a76]
#
# Core dump will be written. Default location: Core dumps may be processed with "/usr/share/apport/apport -p%p -s%s -c%c -d%d -P%P -u%u -g%g -- %E" (or dumping to /home/tajbir/Documents/byte-bandit/core.25077)
#
# If you would like to submit a bug report, please visit:
#   https://youtrack.jetbrains.com/issues/JBR
#

---------------  S U M M A R Y ------------

Command Line: -Djava.rmi.server.hostname=127.0.0.1 -Duser.timezone=UTC -Xmx2048m -Xms128m -Djdbc.classpath=/tmp/RemoteDriver278.classpath.txt --add-exports=java.desktop/sun.awt=ALL-UNNAMED --add-exports=java.desktop/java.awt.peer=ALL-UNNAMED --add-opens=java.desktop/java.awt=ALL-UNNAMED --add-opens=jdk.unsupported/sun.misc=ALL-UNNAMED --add-opens=java.base/java.nio=ALL-UNNAMED --add-opens=java.base/java.util=ALL-UNNAMED -Dfile.encoding=UTF-8 -Dsun.stdout.encoding=UTF-8 -Dsun.stderr.encoding=UTF-8 -Dawt.toolkit.name=XToolkit com.intellij.database.remote.RemoteJdbcServer org.postgresql.Driver

Host: 11th Gen Intel(R) Core(TM) i3-1115G4 @ 3.00GHz, 4 cores, 11G, Ubuntu 24.04.1 LTS
Time: Sat Feb 22 22:04:09 2025 +06 elapsed time: 1101.274096 seconds (0d 0h 18m 21s)

---------------  T H R E A D  ---------------

Current thread (0x00007812d8122e50):  VMThread "VM Thread"          [id=25085, stack(0x00007812c0005000,0x00007812c0105000) (1024K)]

Stack: [0x00007812c0005000,0x00007812c0105000],  sp=0x00007812c01038b0,  free space=1018k
Native frames: (J=compiled Java code, j=interpreted, Vv=VM code, C=native code)
C  [libc.so.6+0x47a76]
C  [libc.so.6+0x47bbe]
V  [libjvm.so+0xd12759]
V  [libjvm.so+0x91175a]
V  [libjvm.so+0x100df91]
V  [libjvm.so+0x1011de2]
V  [libjvm.so+0x10123ef]
V  [libjvm.so+0x1012717]
V  [libjvm.so+0xf7b718]
V  [libjvm.so+0xd075ca]
C  [libc.so.6+0x9caa4]

siginfo: si_signo: 7 (SIGBUS), si_code: 2 (BUS_ADRERR), si_addr: 0x00007812dd97cb70

Registers:
RAX=0x00007812dd97cb70, RBX=0x00007812de404fa8, RCX=0x0000000000000001, RDX=0x00007812d8000090
RSP=0x00007812c01038a8, RBP=0x00007812c0103900, RSI=0x0000000000000001, RDI=0x00007812de1389c0
R8 =0x00007812de1389c0, R9 =0x0000000000000007, R10=0x00007812d801ad00, R11=0x275916b51f90a9d7
R12=0x0000000000000033, R13=0x0000000000000000, R14=0x0000000000000001, R15=0x00005da23dac6f20
RIP=0x00007812dd97cb70, EFLAGS=0x0000000000010246, CSGSFS=0x002b000000000033, ERR=0x0000000000000014
  TRAPNO=0x000000000000000e


Register to memory mapping:

RAX=0x00007812dd97cb70: <offset 0x0000000000d7cb70> in /media/tajbir/es-ssd/installs/idea-IU-243.22562.145/jbr/lib/server/libjvm.so at 0x00007812dcc00000
RBX=0x00007812de404fa8: <offset 0x0000000000204fa8> in /lib/x86_64-linux-gnu/libc.so.6 at 0x00007812de200000
RCX=0x0000000000000001 is an unknown value
RDX=0x00007812d8000090 points into unknown readable memory: 0x00007812d834c200 | 00 c2 34 d8 12 78 00 00
RSP=0x00007812c01038a8 points into unknown readable memory: 0x00007812de247a76 | 76 7a 24 de 12 78 00 00
RBP=0x00007812c0103900 points into unknown readable memory: 0x00007812c0103910 | 10 39 10 c0 12 78 00 00
RSI=0x0000000000000001 is an unknown value
RDI=0x00007812de1389c0: <offset 0x00000000015389c0> in /media/tajbir/es-ssd/installs/idea-IU-243.22562.145/jbr/lib/server/libjvm.so at 0x00007812dcc00000
R8 =0x00007812de1389c0: <offset 0x00000000015389c0> in /media/tajbir/es-ssd/installs/idea-IU-243.22562.145/jbr/lib/server/libjvm.so at 0x00007812dcc00000
R9 =0x0000000000000007 is an unknown value
R10=0x00007812d801ad00 points into unknown readable memory: 0x00007812d801aa70 | 70 aa 01 d8 12 78 00 00
R11=0x275916b51f90a9d7 is an unknown value
R12=0x0000000000000033 is an unknown value
R13=0x0 is null
R14=0x0000000000000001 is an unknown value
R15=0x00005da23dac6f20 points into unknown readable memory: 0x00007812de404fc0 | c0 4f 40 de 12 78 00 00

Top of Stack: (sp=0x00007812c01038a8)
0x00007812c01038a8:   00007812de247a76 00000001d8122e50
0x00007812c01038b8:   00007812c01038d8 00007812c0103940
0x00007812c01038c8:   00007812de403680 0000000000000100
0x00007812c01038d8:   00007812d811c4d0 0000000000000001
0x00007812c01038e8:   00007812de16cbe0 00007812c0103a80
0x00007812c01038f8:   00007812dcbfe470 00007812c0103910
0x00007812c0103908:   00007812de247bbe 00007812c0103920
0x00007812c0103918:   00007812dd912759 00007812c0103940
0x00007812c0103928:   00007812dd51175a 00007812d81231f0
0x00007812c0103938:   00007812d81231f0 00007812c0103a40
0x00007812c0103948:   00007812ddc0df91 00007812de012f98
0x00007812c0103958:   00000000000003d8 00007812d811c8b8
0x00007812c0103968:   00007812d811c4e0 0000781200000006
0x00007812c0103978:   0000000000000000 00007812c0100100
0x00007812c0103988:   0000000000000000 0000000000000000
0x00007812c0103998:   0000000000000000 00007812d8122e50
0x00007812c01039a8:   00007812de11aea0 0000000000000013
0x00007812c01039b8:   0000000000000001 00007812c01039d0
0x00007812c01039c8:   00007812de2ec96d 00007812c01039f0
0x00007812c01039d8:   00007812c0103a80 00007812d811c4d0
0x00007812c01039e8:   00007812d81231f0 00007812c0103a00
0x00007812c01039f8:   00007812de2ec96d 00007812c0103a20
0x00007812c0103a08:   96ba802b04325100 000000000000315c
0x00007812c0103a18:   00007812dcbfe470 00007812d811c4d0
0x00007812c0103a28:   00007812d81231f0 00007812c0103a80
0x00007812c0103a38:   00000000000003d8 00007812c0103b10
0x00007812c0103a48:   00007812ddc11de2 0000000000000000
0x00007812c0103a58:   0000000000000000 00007812dd000000
0x00007812c0103a68:   00007812ddda0edf 00007812d811c8b8
0x00007812c0103a78:   00007812d811c4e0 0000000000000000
0x00007812c0103a88:   000001005620060b 0000000000000001
0x00007812c0103a98:   00007812d8123750 0000000000000000 

Instructions: (pc=0x00007812de247a76)
0x00007812de247976:   83 e8 01 4c 8b 25 20 d6 1b 00 49 89 47 08 48 c1
0x00007812de247986:   e0 05 4c 01 f8 48 8b 48 10 48 83 f9 03 0f 84 ff
0x00007812de247996:   00 00 00 48 83 f9 04 0f 84 9d 00 00 00 48 83 f9
0x00007812de2479a6:   02 75 bf 48 8b 48 18 48 8b 70 20 48 89 c8 44 89
0x00007812de2479b6:   e9 48 c1 c8 11 64 48 33 04 25 30 00 00 00 87 0b
0x00007812de2479c6:   83 f9 01 0f 8f 59 01 00 00 44 89 f7 ff d0 b9 01
0x00007812de2479d6:   00 00 00 44 89 e8 f0 0f b1 0b 0f 85 a2 00 00 00
0x00007812de2479e6:   48 8b 05 b3 d5 1b 00 4c 39 e0 0f 84 72 ff ff ff
0x00007812de2479f6:   48 8b 45 c8 4c 8b 38 4d 85 ff 0f 85 62 ff ff ff
0x00007812de247a06:   66 2e 0f 1f 84 00 00 00 00 00 31 c0 c6 05 cf d9
0x00007812de247a16:   1b 00 01 87 03 83 f8 01 0f 8f 55 01 00 00 80 7d
0x00007812de247a26:   b4 00 0f 85 41 01 00 00 44 89 f7 e8 ca 67 0a 00
0x00007812de247a36:   66 2e 0f 1f 84 00 00 00 00 00 48 8b 48 18 4c 8b
0x00007812de247a46:   40 20 48 c7 40 10 00 00 00 00 48 89 c8 44 89 e9
0x00007812de247a56:   48 c1 c8 11 64 48 33 04 25 30 00 00 00 87 0b 83
0x00007812de247a66:   f9 01 0f 8f da 00 00 00 44 89 f6 4c 89 c7 ff d0
0x00007812de247a76:   b9 01 00 00 00 44 89 e8 f0 0f b1 0b 0f 84 5e ff
0x00007812de247a86:   ff ff 48 89 df e8 50 14 05 00 e9 51 ff ff ff 0f
0x00007812de247a96:   1f 00 44 89 e9 48 8b 40 18 48 c1 c8 11 64 48 33
0x00007812de247aa6:   04 25 30 00 00 00 87 0b 83 f9 01 7f 5d ff d0 b9
0x00007812de247ab6:   01 00 00 00 44 89 e8 f0 0f b1 0b 0f 84 1f ff ff
0x00007812de247ac6:   ff 48 89 df e8 11 14 05 00 e9 12 ff ff ff 0f 1f
0x00007812de247ad6:   40 00 49 8b 07 48 8b 55 c8 48 89 02 48 85 c0 0f
0x00007812de247ae6:   84 25 ff ff ff 4c 89 ff e8 ed 08 fe ff 48 8b 45
0x00007812de247af6:   c8 4c 8b 38 4d 85 ff 0f 85 65 fe ff ff e9 08 ff
0x00007812de247b06:   ff ff 0f 1f 84 00 00 00 00 00 48 89 df 48 89 45
0x00007812de247b16:   c0 e8 84 14 05 00 48 8b 45 c0 eb 91 66 0f 1f 44
0x00007812de247b26:   00 00 48 89 df 48 89 45 b8 48 89 75 c0 e8 68 14
0x00007812de247b36:   05 00 48 8b 45 b8 48 8b 75 c0 e9 8a fe ff ff 0f
0x00007812de247b46:   1f 00 48 89 df 48 89 45 b8 4c 89 45 c0 e8 48 14
0x00007812de247b56:   05 00 48 8b 45 b8 4c 8b 45 c0 e9 09 ff ff ff e8
0x00007812de247b66:   86 fb ff ff e9 c8 fd ff ff e8 6c ec 04 00 e9 b5 


Stack slot to memory mapping:

stack at sp + 0 slots: 0x00000001d8122e50 is an unknown value
stack at sp + 1 slots: 0x00007812c01038d8 points into unknown readable memory: 0x00007812d811c4d0 | d0 c4 11 d8 12 78 00 00
stack at sp + 2 slots: 0x00007812c0103940 points into unknown readable memory: 0x00007812c0103a40 | 40 3a 10 c0 12 78 00 00
stack at sp + 3 slots: 0x00007812de403680: <offset 0x0000000000203680> in /lib/x86_64-linux-gnu/libc.so.6 at 0x00007812de200000
stack at sp + 4 slots: 0x0000000000000100 is an unknown value
stack at sp + 5 slots: 0x00007812d811c4d0 points into unknown readable memory: 0x0000000000000000 | 00 00 00 00 00 00 00 00
stack at sp + 6 slots: 0x0000000000000001 is an unknown value
stack at sp + 7 slots: 0x00007812de16cbe0: <offset 0x000000000156cbe0> in /media/tajbir/es-ssd/installs/idea-IU-243.22562.145/jbr/lib/server/libjvm.so at 0x00007812dcc00000

VM_Operation (0x00007812dcbfe470): Exit, mode: safepoint, requested by thread 0x00007812d802c280


---------------  P R O C E S S  ---------------

Threads class SMR info:
_java_thread_list=0x00007811cc04bd70, length=19, elements={
0x00007812d802c280, 0x00007812d812cdf0, 0x00007812d812e260, 0x00007812d812f900,
0x00007812d8130f30, 0x00007812d81324c0, 0x00007812d8133ff0, 0x00007812d81356a0,
0x00007812d81731c0, 0x00007812d8174f80, 0x00007812d832ab30, 0x00007812d8322fb0,
0x00007812d8324320, 0x00007812d8325fc0, 0x0000781210001f00, 0x00007811e0008080,
0x00007811d40129d0, 0x00007811cc04db30, 0x0000781208001120
}

Java Threads: ( => current thread )
  0x00007812d802c280 JavaThread "main"                              [_thread_blocked, id=25078, stack(0x00007812dcb00000,0x00007812dcc00000) (1024K)]
  0x00007812d812cdf0 JavaThread "Reference Handler"          daemon [_thread_blocked, id=25086, stack(0x00007812bb900000,0x00007812bba00000) (1024K)]
  0x00007812d812e260 JavaThread "Finalizer"                  daemon [_thread_blocked, id=25087, stack(0x00007812bb800000,0x00007812bb900000) (1024K)]
  0x00007812d812f900 JavaThread "Signal Dispatcher"          daemon [_thread_blocked, id=25088, stack(0x00007812bb700000,0x00007812bb800000) (1024K)]
  0x00007812d8130f30 JavaThread "Service Thread"             daemon [_thread_blocked, id=25089, stack(0x00007812bb600000,0x00007812bb700000) (1024K)]
  0x00007812d81324c0 JavaThread "Monitor Deflation Thread"   daemon [_thread_blocked, id=25090, stack(0x00007812bb500000,0x00007812bb600000) (1024K)]
  0x00007812d8133ff0 JavaThread "C2 CompilerThread0"         daemon [_thread_blocked, id=25091, stack(0x00007812bb400000,0x00007812bb500000) (1024K)]
  0x00007812d81356a0 JavaThread "C1 CompilerThread0"         daemon [_thread_blocked, id=25092, stack(0x00007812bb300000,0x00007812bb400000) (1024K)]
  0x00007812d81731c0 JavaThread "Common-Cleaner"             daemon [_thread_blocked, id=25093, stack(0x00007812bb200000,0x00007812bb300000) (1024K)]
  0x00007812d8174f80 JavaThread "Notification Thread"        daemon [_thread_blocked, id=25094, stack(0x00007812bb100000,0x00007812bb200000) (1024K)]
  0x00007812d832ab30 JavaThread "RMI TCP Accept-8183"        daemon [_thread_in_native, id=25103, stack(0x00007812baf00000,0x00007812bb000000) (1024K)]
  0x00007812d8322fb0 JavaThread "RMI TCP Accept-0"           daemon [_thread_in_native, id=25104, stack(0x00007812bae00000,0x00007812baf00000) (1024K)]
  0x00007812d8324320 JavaThread "RMI Reaper"                        [_thread_blocked, id=25105, stack(0x00007812bad00000,0x00007812bae00000) (1024K)]
  0x00007812d8325fc0 JavaThread "RMI GC Daemon"              daemon [_thread_blocked, id=25109, stack(0x00007812ba8fd000,0x00007812ba9fd000) (1024K)]
  0x0000781210001f00 JavaThread "RMI TCP Connection(idle)"   daemon [_thread_blocked, id=25110, stack(0x00007812ba7fd000,0x00007812ba8fd000) (1024K)]
  0x00007811e0008080 JavaThread "RMI Scheduler(0)"           daemon [_thread_blocked, id=25113, stack(0x00007812ba5fd000,0x00007812ba6fd000) (1024K)]
  0x00007811d40129d0 JavaThread "RMI RenewClean-[127.0.0.1:33801]" daemon [_thread_blocked, id=25116, stack(0x00007812ba2fd000,0x00007812ba3fd000) (1024K)]
  0x00007811cc04db30 JavaThread "PostgreSQL-JDBC-Cleaner"    daemon [_thread_blocked, id=25179, stack(0x00007812ba1fd000,0x00007812ba2fd000) (1024K)]
  0x0000781208001120 JavaThread "RMI TCP Connection(idle)"   daemon [_thread_blocked, id=25648, stack(0x00007812bb000000,0x00007812bb100000) (1024K)]
Total: 19

Other Threads:
=>0x00007812d8122e50 VMThread "VM Thread"                           [id=25085, stack(0x00007812c0005000,0x00007812c0105000) (1024K)]
  0x00007812d8065590 WorkerThread "GC Thread#0"                     [id=25079, stack(0x00007812dc426000,0x00007812dc526000) (1024K)]
  0x0000781250006eb0 WorkerThread "GC Thread#1"                     [id=25106, stack(0x00007812bac00000,0x00007812bad00000) (1024K)]
  0x00007812500078d0 WorkerThread "GC Thread#2"                     [id=25107, stack(0x00007812baaff000,0x00007812babff000) (1024K)]
  0x00007812500082f0 WorkerThread "GC Thread#3"                     [id=25108, stack(0x00007812ba9fe000,0x00007812baafe000) (1024K)]
  0x00007812d8076a20 ConcurrentGCThread "G1 Main Marker"            terminated
  0x00007812d80778d0 WorkerThread "G1 Conc#0"                       [id=25081, stack(0x00007812dc224000,0x00007812dc324000) (1024K)]
  0x00007812d80fd330 ConcurrentGCThread "G1 Refine#0"               terminated
  0x00007812d80fe2e0 ConcurrentGCThread "G1 Service"                terminated
Total: 9

Threads with active compile tasks:
Total: 0

VM state: at safepoint (shutting down)

VM Mutex/Monitor currently owned by a thread:  ([mutex/lock_event])
[0x00007812de1321b8] Threads_lock - owner thread: 0x00007812d8122e50
[0x00007812de1320b8] Heap_lock - owner thread: 0x00007812d802c280

Heap address: 0x0000000080000000, size: 2048 MB, Compressed Oops mode: 32-bit

CDS archive(s) mapped at: [0x0000781263000000-0x0000781263d2d000-0x0000781263d2d000), size 13815808, SharedBaseAddress: 0x0000781263000000, ArchiveRelocationMode: 1.
Compressed class space mapped at: 0x0000781264000000-0x00007812a4000000, reserved size: 1073741824
Narrow klass base: 0x0000781263000000, Narrow klass shift: 0, Narrow klass range: 0x100000000

GC Precious Log:
 CardTable entry size: 512
 Card Set container configuration: InlinePtr #cards 5 size 8 Array Of Cards #cards 12 size 40 Howl #buckets 4 coarsen threshold 1843 Howl Bitmap #cards 512 size 80 coarsen threshold 460 Card regions per heap region 1 cards per card region 2048
 CPUs: 4 total, 4 available
 Memory: 11718M
 Large Page Support: Disabled
 NUMA Support: Disabled
 Compressed Oops: Enabled (32-bit)
 Heap Region Size: 1M
 Heap Min Capacity: 128M
 Heap Initial Capacity: 128M
 Heap Max Capacity: 2G
 Pre-touch: Disabled
 Parallel Workers: 4
 Concurrent Workers: 1
 Concurrent Refinement Workers: 4
 Periodic GC: Disabled

Heap:
 garbage-first heap   total 133120K, used 20373K [0x0000000080000000, 0x0000000100000000)
  region size 1024K, 13 young (13312K), 5 survivors (5120K)
 Metaspace       used 17841K, committed 18368K, reserved 1114112K
  class space    used 1991K, committed 2240K, reserved 1048576K

Heap Regions: E=young(eden), S=young(survivor), O=old, HS=humongous(starts), HC=humongous(continues), CS=collection set, F=free, TAMS=top-at-mark-start, PB=parsable bottom
|   0|0x0000000080000000, 0x0000000080100000, 0x0000000080100000|100%|HS|  |TAMS 0x0000000080000000| PB 0x0000000080000000| Complete 
|   1|0x0000000080100000, 0x0000000080200000, 0x0000000080200000|100%|HC|  |TAMS 0x0000000080100000| PB 0x0000000080100000| Complete 
|   2|0x0000000080200000, 0x0000000080300000, 0x0000000080300000|100%|HS|  |TAMS 0x0000000080200000| PB 0x0000000080200000| Complete 
|   3|0x0000000080300000, 0x0000000080400000, 0x0000000080400000|100%|HS|  |TAMS 0x0000000080300000| PB 0x0000000080300000| Complete 
|   4|0x0000000080400000, 0x0000000080500000, 0x0000000080500000|100%| O|  |TAMS 0x0000000080400000| PB 0x0000000080400000| Untracked 
|   5|0x0000000080500000, 0x0000000080600000, 0x0000000080600000|100%| O|  |TAMS 0x0000000080500000| PB 0x0000000080500000| Untracked 
|   6|0x0000000080600000, 0x0000000080700000, 0x0000000080700000|100%| O|  |TAMS 0x0000000080600000| PB 0x0000000080600000| Untracked 
|   7|0x0000000080700000, 0x00000000807c3af8, 0x0000000080800000| 76%| O|  |TAMS 0x0000000080700000| PB 0x0000000080700000| Untracked 
|   8|0x0000000080800000, 0x0000000080800000, 0x0000000080900000|  0%| F|  |TAMS 0x0000000080800000| PB 0x0000000080800000| Untracked 
|   9|0x0000000080900000, 0x0000000080900000, 0x0000000080a00000|  0%| F|  |TAMS 0x0000000080900000| PB 0x0000000080900000| Untracked 
|  10|0x0000000080a00000, 0x0000000080a00000, 0x0000000080b00000|  0%| F|  |TAMS 0x0000000080a00000| PB 0x0000000080a00000| Untracked 
|  11|0x0000000080b00000, 0x0000000080b00000, 0x0000000080c00000|  0%| F|  |TAMS 0x0000000080b00000| PB 0x0000000080b00000| Untracked 
|  12|0x0000000080c00000, 0x0000000080c00000, 0x0000000080d00000|  0%| F|  |TAMS 0x0000000080c00000| PB 0x0000000080c00000| Untracked 
|  13|0x0000000080d00000, 0x0000000080d00000, 0x0000000080e00000|  0%| F|  |TAMS 0x0000000080d00000| PB 0x0000000080d00000| Untracked 
|  14|0x0000000080e00000, 0x0000000080e00000, 0x0000000080f00000|  0%| F|  |TAMS 0x0000000080e00000| PB 0x0000000080e00000| Untracked 
|  15|0x0000000080f00000, 0x0000000080f00000, 0x0000000081000000|  0%| F|  |TAMS 0x0000000080f00000| PB 0x0000000080f00000| Untracked 
|  16|0x0000000081000000, 0x0000000081000000, 0x0000000081100000|  0%| F|  |TAMS 0x0000000081000000| PB 0x0000000081000000| Untracked 
|  17|0x0000000081100000, 0x0000000081100000, 0x0000000081200000|  0%| F|  |TAMS 0x0000000081100000| PB 0x0000000081100000| Untracked 
|  18|0x0000000081200000, 0x0000000081200000, 0x0000000081300000|  0%| F|  |TAMS 0x0000000081200000| PB 0x0000000081200000| Untracked 
|  19|0x0000000081300000, 0x0000000081300000, 0x0000000081400000|  0%| F|  |TAMS 0x0000000081300000| PB 0x0000000081300000| Untracked 
|  20|0x0000000081400000, 0x0000000081400000, 0x0000000081500000|  0%| F|  |TAMS 0x0000000081400000| PB 0x0000000081400000| Untracked 
|  21|0x0000000081500000, 0x0000000081500000, 0x0000000081600000|  0%| F|  |TAMS 0x0000000081500000| PB 0x0000000081500000| Untracked 
|  22|0x0000000081600000, 0x0000000081600000, 0x0000000081700000|  0%| F|  |TAMS 0x0000000081600000| PB 0x0000000081600000| Untracked 
|  23|0x0000000081700000, 0x0000000081700000, 0x0000000081800000|  0%| F|  |TAMS 0x0000000081700000| PB 0x0000000081700000| Untracked 
|  24|0x0000000081800000, 0x0000000081800000, 0x0000000081900000|  0%| F|  |TAMS 0x0000000081800000| PB 0x0000000081800000| Untracked 
|  25|0x0000000081900000, 0x0000000081900000, 0x0000000081a00000|  0%| F|  |TAMS 0x0000000081900000| PB 0x0000000081900000| Untracked 
|  26|0x0000000081a00000, 0x0000000081a00000, 0x0000000081b00000|  0%| F|  |TAMS 0x0000000081a00000| PB 0x0000000081a00000| Untracked 
|  27|0x0000000081b00000, 0x0000000081b00000, 0x0000000081c00000|  0%| F|  |TAMS 0x0000000081b00000| PB 0x0000000081b00000| Untracked 
|  28|0x0000000081c00000, 0x0000000081c00000, 0x0000000081d00000|  0%| F|  |TAMS 0x0000000081c00000| PB 0x0000000081c00000| Untracked 
|  29|0x0000000081d00000, 0x0000000081d00000, 0x0000000081e00000|  0%| F|  |TAMS 0x0000000081d00000| PB 0x0000000081d00000| Untracked 
|  30|0x0000000081e00000, 0x0000000081e00000, 0x0000000081f00000|  0%| F|  |TAMS 0x0000000081e00000| PB 0x0000000081e00000| Untracked 
|  31|0x0000000081f00000, 0x0000000081f00000, 0x0000000082000000|  0%| F|  |TAMS 0x0000000081f00000| PB 0x0000000081f00000| Untracked 
|  32|0x0000000082000000, 0x0000000082000000, 0x0000000082100000|  0%| F|  |TAMS 0x0000000082000000| PB 0x0000000082000000| Untracked 
|  33|0x0000000082100000, 0x0000000082100000, 0x0000000082200000|  0%| F|  |TAMS 0x0000000082100000| PB 0x0000000082100000| Untracked 
|  34|0x0000000082200000, 0x0000000082200000, 0x0000000082300000|  0%| F|  |TAMS 0x0000000082200000| PB 0x0000000082200000| Untracked 
|  35|0x0000000082300000, 0x0000000082300000, 0x0000000082400000|  0%| F|  |TAMS 0x0000000082300000| PB 0x0000000082300000| Untracked 
|  36|0x0000000082400000, 0x0000000082400000, 0x0000000082500000|  0%| F|  |TAMS 0x0000000082400000| PB 0x0000000082400000| Untracked 
|  37|0x0000000082500000, 0x0000000082500000, 0x0000000082600000|  0%| F|  |TAMS 0x0000000082500000| PB 0x0000000082500000| Untracked 
|  38|0x0000000082600000, 0x0000000082600000, 0x0000000082700000|  0%| F|  |TAMS 0x0000000082600000| PB 0x0000000082600000| Untracked 
|  39|0x0000000082700000, 0x0000000082700000, 0x0000000082800000|  0%| F|  |TAMS 0x0000000082700000| PB 0x0000000082700000| Untracked 
|  40|0x0000000082800000, 0x0000000082800000, 0x0000000082900000|  0%| F|  |TAMS 0x0000000082800000| PB 0x0000000082800000| Untracked 
|  41|0x0000000082900000, 0x0000000082900000, 0x0000000082a00000|  0%| F|  |TAMS 0x0000000082900000| PB 0x0000000082900000| Untracked 
|  42|0x0000000082a00000, 0x0000000082a00000, 0x0000000082b00000|  0%| F|  |TAMS 0x0000000082a00000| PB 0x0000000082a00000| Untracked 
|  43|0x0000000082b00000, 0x0000000082b00000, 0x0000000082c00000|  0%| F|  |TAMS 0x0000000082b00000| PB 0x0000000082b00000| Untracked 
|  44|0x0000000082c00000, 0x0000000082c00000, 0x0000000082d00000|  0%| F|  |TAMS 0x0000000082c00000| PB 0x0000000082c00000| Untracked 
|  45|0x0000000082d00000, 0x0000000082d00000, 0x0000000082e00000|  0%| F|  |TAMS 0x0000000082d00000| PB 0x0000000082d00000| Untracked 
|  46|0x0000000082e00000, 0x0000000082e00000, 0x0000000082f00000|  0%| F|  |TAMS 0x0000000082e00000| PB 0x0000000082e00000| Untracked 
|  47|0x0000000082f00000, 0x0000000082f00000, 0x0000000083000000|  0%| F|  |TAMS 0x0000000082f00000| PB 0x0000000082f00000| Untracked 
|  48|0x0000000083000000, 0x0000000083000000, 0x0000000083100000|  0%| F|  |TAMS 0x0000000083000000| PB 0x0000000083000000| Untracked 
|  49|0x0000000083100000, 0x0000000083100000, 0x0000000083200000|  0%| F|  |TAMS 0x0000000083100000| PB 0x0000000083100000| Untracked 
|  50|0x0000000083200000, 0x0000000083200000, 0x0000000083300000|  0%| F|  |TAMS 0x0000000083200000| PB 0x0000000083200000| Untracked 
|  51|0x0000000083300000, 0x0000000083300000, 0x0000000083400000|  0%| F|  |TAMS 0x0000000083300000| PB 0x0000000083300000| Untracked 
|  52|0x0000000083400000, 0x0000000083400000, 0x0000000083500000|  0%| F|  |TAMS 0x0000000083400000| PB 0x0000000083400000| Untracked 
|  53|0x0000000083500000, 0x0000000083500000, 0x0000000083600000|  0%| F|  |TAMS 0x0000000083500000| PB 0x0000000083500000| Untracked 
|  54|0x0000000083600000, 0x0000000083600000, 0x0000000083700000|  0%| F|  |TAMS 0x0000000083600000| PB 0x0000000083600000| Untracked 
|  55|0x0000000083700000, 0x0000000083700000, 0x0000000083800000|  0%| F|  |TAMS 0x0000000083700000| PB 0x0000000083700000| Untracked 
|  56|0x0000000083800000, 0x0000000083800000, 0x0000000083900000|  0%| F|  |TAMS 0x0000000083800000| PB 0x0000000083800000| Untracked 
|  57|0x0000000083900000, 0x0000000083900000, 0x0000000083a00000|  0%| F|  |TAMS 0x0000000083900000| PB 0x0000000083900000| Untracked 
|  58|0x0000000083a00000, 0x0000000083a00000, 0x0000000083b00000|  0%| F|  |TAMS 0x0000000083a00000| PB 0x0000000083a00000| Untracked 
|  59|0x0000000083b00000, 0x0000000083b16068, 0x0000000083c00000|  8%| S|CS|TAMS 0x0000000083b00000| PB 0x0000000083b00000| Complete 
|  60|0x0000000083c00000, 0x0000000083d00000, 0x0000000083d00000|100%| S|CS|TAMS 0x0000000083c00000| PB 0x0000000083c00000| Complete 
|  61|0x0000000083d00000, 0x0000000083e00000, 0x0000000083e00000|100%| S|CS|TAMS 0x0000000083d00000| PB 0x0000000083d00000| Complete 
|  62|0x0000000083e00000, 0x0000000083f00000, 0x0000000083f00000|100%| S|CS|TAMS 0x0000000083e00000| PB 0x0000000083e00000| Complete 
|  63|0x0000000083f00000, 0x0000000084000000, 0x0000000084000000|100%| S|CS|TAMS 0x0000000083f00000| PB 0x0000000083f00000| Complete 
|  64|0x0000000084000000, 0x0000000084000000, 0x0000000084100000|  0%| F|  |TAMS 0x0000000084000000| PB 0x0000000084000000| Untracked 
|  65|0x0000000084100000, 0x0000000084100000, 0x0000000084200000|  0%| F|  |TAMS 0x0000000084100000| PB 0x0000000084100000| Untracked 
|  66|0x0000000084200000, 0x0000000084200000, 0x0000000084300000|  0%| F|  |TAMS 0x0000000084200000| PB 0x0000000084200000| Untracked 
|  67|0x0000000084300000, 0x0000000084300000, 0x0000000084400000|  0%| F|  |TAMS 0x0000000084300000| PB 0x0000000084300000| Untracked 
|  68|0x0000000084400000, 0x0000000084400000, 0x0000000084500000|  0%| F|  |TAMS 0x0000000084400000| PB 0x0000000084400000| Untracked 
|  69|0x0000000084500000, 0x0000000084500000, 0x0000000084600000|  0%| F|  |TAMS 0x0000000084500000| PB 0x0000000084500000| Untracked 
|  70|0x0000000084600000, 0x0000000084600000, 0x0000000084700000|  0%| F|  |TAMS 0x0000000084600000| PB 0x0000000084600000| Untracked 
|  71|0x0000000084700000, 0x0000000084700000, 0x0000000084800000|  0%| F|  |TAMS 0x0000000084700000| PB 0x0000000084700000| Untracked 
|  72|0x0000000084800000, 0x0000000084800000, 0x0000000084900000|  0%| F|  |TAMS 0x0000000084800000| PB 0x0000000084800000| Untracked 
|  73|0x0000000084900000, 0x0000000084900000, 0x0000000084a00000|  0%| F|  |TAMS 0x0000000084900000| PB 0x0000000084900000| Untracked 
|  74|0x0000000084a00000, 0x0000000084a00000, 0x0000000084b00000|  0%| F|  |TAMS 0x0000000084a00000| PB 0x0000000084a00000| Untracked 
|  75|0x0000000084b00000, 0x0000000084b00000, 0x0000000084c00000|  0%| F|  |TAMS 0x0000000084b00000| PB 0x0000000084b00000| Untracked 
|  76|0x0000000084c00000, 0x0000000084c00000, 0x0000000084d00000|  0%| F|  |TAMS 0x0000000084c00000| PB 0x0000000084c00000| Untracked 
|  77|0x0000000084d00000, 0x0000000084d00000, 0x0000000084e00000|  0%| F|  |TAMS 0x0000000084d00000| PB 0x0000000084d00000| Untracked 
|  78|0x0000000084e00000, 0x0000000084e00000, 0x0000000084f00000|  0%| F|  |TAMS 0x0000000084e00000| PB 0x0000000084e00000| Untracked 
|  79|0x0000000084f00000, 0x0000000084f00000, 0x0000000085000000|  0%| F|  |TAMS 0x0000000084f00000| PB 0x0000000084f00000| Untracked 
|  80|0x0000000085000000, 0x0000000085000000, 0x0000000085100000|  0%| F|  |TAMS 0x0000000085000000| PB 0x0000000085000000| Untracked 
|  81|0x0000000085100000, 0x0000000085100000, 0x0000000085200000|  0%| F|  |TAMS 0x0000000085100000| PB 0x0000000085100000| Untracked 
|  82|0x0000000085200000, 0x0000000085200000, 0x0000000085300000|  0%| F|  |TAMS 0x0000000085200000| PB 0x0000000085200000| Untracked 
|  83|0x0000000085300000, 0x0000000085300000, 0x0000000085400000|  0%| F|  |TAMS 0x0000000085300000| PB 0x0000000085300000| Untracked 
|  84|0x0000000085400000, 0x0000000085400000, 0x0000000085500000|  0%| F|  |TAMS 0x0000000085400000| PB 0x0000000085400000| Untracked 
|  85|0x0000000085500000, 0x0000000085500000, 0x0000000085600000|  0%| F|  |TAMS 0x0000000085500000| PB 0x0000000085500000| Untracked 
|  86|0x0000000085600000, 0x0000000085600000, 0x0000000085700000|  0%| F|  |TAMS 0x0000000085600000| PB 0x0000000085600000| Untracked 
|  87|0x0000000085700000, 0x0000000085700000, 0x0000000085800000|  0%| F|  |TAMS 0x0000000085700000| PB 0x0000000085700000| Untracked 
|  88|0x0000000085800000, 0x0000000085800000, 0x0000000085900000|  0%| F|  |TAMS 0x0000000085800000| PB 0x0000000085800000| Untracked 
|  89|0x0000000085900000, 0x0000000085900000, 0x0000000085a00000|  0%| F|  |TAMS 0x0000000085900000| PB 0x0000000085900000| Untracked 
|  90|0x0000000085a00000, 0x0000000085a00000, 0x0000000085b00000|  0%| F|  |TAMS 0x0000000085a00000| PB 0x0000000085a00000| Untracked 
|  91|0x0000000085b00000, 0x0000000085b00000, 0x0000000085c00000|  0%| F|  |TAMS 0x0000000085b00000| PB 0x0000000085b00000| Untracked 
|  92|0x0000000085c00000, 0x0000000085c00000, 0x0000000085d00000|  0%| F|  |TAMS 0x0000000085c00000| PB 0x0000000085c00000| Untracked 
|  93|0x0000000085d00000, 0x0000000085d00000, 0x0000000085e00000|  0%| F|  |TAMS 0x0000000085d00000| PB 0x0000000085d00000| Untracked 
|  94|0x0000000085e00000, 0x0000000085e00000, 0x0000000085f00000|  0%| F|  |TAMS 0x0000000085e00000| PB 0x0000000085e00000| Untracked 
|  95|0x0000000085f00000, 0x0000000085f00000, 0x0000000086000000|  0%| F|  |TAMS 0x0000000085f00000| PB 0x0000000085f00000| Untracked 
|  96|0x0000000086000000, 0x0000000086000000, 0x0000000086100000|  0%| F|  |TAMS 0x0000000086000000| PB 0x0000000086000000| Untracked 
|  97|0x0000000086100000, 0x0000000086100000, 0x0000000086200000|  0%| F|  |TAMS 0x0000000086100000| PB 0x0000000086100000| Untracked 
|  98|0x0000000086200000, 0x0000000086200000, 0x0000000086300000|  0%| F|  |TAMS 0x0000000086200000| PB 0x0000000086200000| Untracked 
|  99|0x0000000086300000, 0x0000000086300000, 0x0000000086400000|  0%| F|  |TAMS 0x0000000086300000| PB 0x0000000086300000| Untracked 
| 100|0x0000000086400000, 0x0000000086400000, 0x0000000086500000|  0%| F|  |TAMS 0x0000000086400000| PB 0x0000000086400000| Untracked 
| 101|0x0000000086500000, 0x0000000086500000, 0x0000000086600000|  0%| F|  |TAMS 0x0000000086500000| PB 0x0000000086500000| Untracked 
| 102|0x0000000086600000, 0x0000000086600000, 0x0000000086700000|  0%| F|  |TAMS 0x0000000086600000| PB 0x0000000086600000| Untracked 
| 103|0x0000000086700000, 0x0000000086700000, 0x0000000086800000|  0%| F|  |TAMS 0x0000000086700000| PB 0x0000000086700000| Untracked 
| 104|0x0000000086800000, 0x0000000086800000, 0x0000000086900000|  0%| F|  |TAMS 0x0000000086800000| PB 0x0000000086800000| Untracked 
| 105|0x0000000086900000, 0x0000000086900000, 0x0000000086a00000|  0%| F|  |TAMS 0x0000000086900000| PB 0x0000000086900000| Untracked 
| 106|0x0000000086a00000, 0x0000000086a00000, 0x0000000086b00000|  0%| F|  |TAMS 0x0000000086a00000| PB 0x0000000086a00000| Untracked 
| 107|0x0000000086b00000, 0x0000000086b00000, 0x0000000086c00000|  0%| F|  |TAMS 0x0000000086b00000| PB 0x0000000086b00000| Untracked 
| 108|0x0000000086c00000, 0x0000000086c00000, 0x0000000086d00000|  0%| F|  |TAMS 0x0000000086c00000| PB 0x0000000086c00000| Untracked 
| 109|0x0000000086d00000, 0x0000000086d00000, 0x0000000086e00000|  0%| F|  |TAMS 0x0000000086d00000| PB 0x0000000086d00000| Untracked 
| 110|0x0000000086e00000, 0x0000000086e00000, 0x0000000086f00000|  0%| F|  |TAMS 0x0000000086e00000| PB 0x0000000086e00000| Untracked 
| 111|0x0000000086f00000, 0x0000000086f00000, 0x0000000087000000|  0%| F|  |TAMS 0x0000000086f00000| PB 0x0000000086f00000| Untracked 
| 112|0x0000000087000000, 0x0000000087000000, 0x0000000087100000|  0%| F|  |TAMS 0x0000000087000000| PB 0x0000000087000000| Untracked 
| 113|0x0000000087100000, 0x0000000087100000, 0x0000000087200000|  0%| F|  |TAMS 0x0000000087100000| PB 0x0000000087100000| Untracked 
| 114|0x0000000087200000, 0x0000000087200000, 0x0000000087300000|  0%| F|  |TAMS 0x0000000087200000| PB 0x0000000087200000| Untracked 
| 115|0x0000000087300000, 0x0000000087300000, 0x0000000087400000|  0%| F|  |TAMS 0x0000000087300000| PB 0x0000000087300000| Untracked 
| 116|0x0000000087400000, 0x0000000087400000, 0x0000000087500000|  0%| F|  |TAMS 0x0000000087400000| PB 0x0000000087400000| Untracked 
| 117|0x0000000087500000, 0x0000000087500000, 0x0000000087600000|  0%| F|  |TAMS 0x0000000087500000| PB 0x0000000087500000| Untracked 
| 118|0x0000000087600000, 0x0000000087600000, 0x0000000087700000|  0%| F|  |TAMS 0x0000000087600000| PB 0x0000000087600000| Untracked 
| 119|0x0000000087700000, 0x0000000087700000, 0x0000000087800000|  0%| F|  |TAMS 0x0000000087700000| PB 0x0000000087700000| Untracked 
| 120|0x0000000087800000, 0x00000000878e64a8, 0x0000000087900000| 89%| E|  |TAMS 0x0000000087800000| PB 0x0000000087800000| Complete 
| 121|0x0000000087900000, 0x0000000087a00000, 0x0000000087a00000|100%| E|CS|TAMS 0x0000000087900000| PB 0x0000000087900000| Complete 
| 122|0x0000000087a00000, 0x0000000087b00000, 0x0000000087b00000|100%| E|CS|TAMS 0x0000000087a00000| PB 0x0000000087a00000| Complete 
| 123|0x0000000087b00000, 0x0000000087c00000, 0x0000000087c00000|100%| E|CS|TAMS 0x0000000087b00000| PB 0x0000000087b00000| Complete 
| 124|0x0000000087c00000, 0x0000000087d00000, 0x0000000087d00000|100%| E|CS|TAMS 0x0000000087c00000| PB 0x0000000087c00000| Complete 
| 125|0x0000000087d00000, 0x0000000087e00000, 0x0000000087e00000|100%| E|CS|TAMS 0x0000000087d00000| PB 0x0000000087d00000| Complete 
| 126|0x0000000087e00000, 0x0000000087f00000, 0x0000000087f00000|100%| E|CS|TAMS 0x0000000087e00000| PB 0x0000000087e00000| Complete 
| 127|0x0000000087f00000, 0x0000000088000000, 0x0000000088000000|100%| E|CS|TAMS 0x0000000087f00000| PB 0x0000000087f00000| Complete 
|2046|0x00000000ffe00000, 0x00000000fff00000, 0x00000000fff00000|100%| O|  |TAMS 0x00000000ffe00000| PB 0x00000000ffe00000| Untracked 
|2047|0x00000000fff00000, 0x00000000fff0bb38, 0x0000000100000000|  4%| O|  |TAMS 0x00000000fff00000| PB 0x00000000fff00000| Untracked 

Card table byte_map: [0x00007812c4800000,0x00007812c4c00000] _byte_map_base: 0x00007812c4400000

Marking Bits: (CMBitMap*) 0x00007812d8065f50
 Bits: [0x00007812c2800000, 0x00007812c4800000)

Polling page: 0x00007812de5bd000

Metaspace:

Usage:
  Non-class:     15.48 MB used.
      Class:      1.94 MB used.
       Both:     17.42 MB used.

Virtual space:
  Non-class space:       64.00 MB reserved,      15.75 MB ( 25%) committed,  1 nodes.
      Class space:        1.00 GB reserved,       2.19 MB ( <1%) committed,  1 nodes.
             Both:        1.06 GB reserved,      17.94 MB (  2%) committed. 

Chunk freelists:
   Non-Class:  182.00 KB
       Class:  13.86 MB
        Both:  14.04 MB

MaxMetaspaceSize: unlimited
CompressedClassSpaceSize: 1.00 GB
Initial GC threshold: 21.00 MB
Current GC threshold: 21.00 MB
CDS: on
 - commit_granule_bytes: 65536.
 - commit_granule_words: 8192.
 - virtual_space_node_default_size: 8388608.
 - enlarge_chunks_in_place: 1.
 - use_allocation_guard: 0.


Internal statistics:

num_allocs_failed_limit: 0.
num_arena_births: 626.
num_arena_deaths: 0.
num_vsnodes_births: 2.
num_vsnodes_deaths: 0.
num_space_committed: 287.
num_space_uncommitted: 0.
num_chunks_returned_to_freelist: 0.
num_chunks_taken_from_freelist: 1155.
num_chunk_merges: 0.
num_chunk_splits: 675.
num_chunks_enlarged: 273.
num_inconsistent_stats: 0.

CodeHeap 'non-profiled nmethods': size=120032Kb used=2338Kb max_used=2338Kb free=117693Kb
 bounds [0x00007812ccac8000, 0x00007812ccd38000, 0x00007812d4000000]
CodeHeap 'profiled nmethods': size=120028Kb used=6757Kb max_used=6757Kb free=113270Kb
 bounds [0x00007812c5000000, 0x00007812c56a0000, 0x00007812cc537000]
CodeHeap 'non-nmethods': size=5700Kb used=1612Kb max_used=1684Kb free=4087Kb
 bounds [0x00007812cc537000, 0x00007812cc7a7000, 0x00007812ccac8000]
 total_blobs=4033 nmethods=3466 adapters=472
 compilation: enabled
              stopped_count=0, restarted_count=0
 full_count=0

Compilation events (20 events):
Event: 514.075 Thread 0x00007812d8133ff0 3457       4       java.rmi.server.ObjID::read (22 bytes)
Event: 514.089 Thread 0x00007812d8133ff0 nmethod 3457 0x00007812ccd0c510 code [0x00007812ccd0c8a0, 0x00007812ccd0e228]
Event: 523.076 Thread 0x00007812d8133ff0 3458       4       sun.rmi.transport.StreamRemoteCall::<init> (35 bytes)
Event: 523.077 Thread 0x00007812d8133ff0 nmethod 3458 0x00007812ccd0fb10 code [0x00007812ccd0fca0, 0x00007812ccd0ff90]
Event: 523.077 Thread 0x00007812d8133ff0 3459  s    4       sun.rmi.transport.Target::decrementCallCount (50 bytes)
Event: 523.078 Thread 0x00007812d8133ff0 nmethod 3459 0x00007812ccd10010 code [0x00007812ccd101a0, 0x00007812ccd103c0]
Event: 559.080 Thread 0x00007812d8133ff0 3460       4       java.lang.ref.Reference::refersTo (6 bytes)
Event: 559.080 Thread 0x00007812d8133ff0 nmethod 3460 0x00007812ccd10490 code [0x00007812ccd10620, 0x00007812ccd106d0]
Event: 607.057 Thread 0x00007812d8133ff0 3461       4       java.util.concurrent.TimeUnit::toNanos (45 bytes)
Event: 607.057 Thread 0x00007812d8133ff0 nmethod 3461 0x00007812ccd10790 code [0x00007812ccd10920, 0x00007812ccd10a18]
Event: 708.592 Thread 0x00007812d81356a0 3462   !   3       java.lang.ref.ReferenceQueue::remove (61 bytes)
Event: 708.592 Thread 0x00007812d81356a0 nmethod 3462 0x00007812c5696410 code [0x00007812c56966a0, 0x00007812c56972b8]
Event: 708.592 Thread 0x00007812d81356a0 3463       3       java.lang.ref.ReferenceQueue::remove0 (64 bytes)
Event: 708.592 Thread 0x00007812d81356a0 nmethod 3463 0x00007812c5697690 code [0x00007812c5697880, 0x00007812c5697ce8]
Event: 1000.122 Thread 0x00007812d81356a0 3464       3       jdk.internal.access.SharedSecrets::getJavaObjectInputStreamReadString (19 bytes)
Event: 1000.123 Thread 0x00007812d81356a0 nmethod 3464 0x00007812c5697e90 code [0x00007812c56980a0, 0x00007812c5698518]
Event: 1000.123 Thread 0x00007812d81356a0 3465       3       java.io.ObjectInputStream$$Lambda/0x00007812640dbb20::readString (5 bytes)
Event: 1000.123 Thread 0x00007812d81356a0 nmethod 3465 0x00007812c5698790 code [0x00007812c5698960, 0x00007812c5698cf8]
Event: 1000.123 Thread 0x00007812d81356a0 3466   !   3       java.io.ObjectInputStream::readString (20 bytes)
Event: 1000.123 Thread 0x00007812d81356a0 nmethod 3466 0x00007812c5698e90 code [0x00007812c5699060, 0x00007812c5699390]

GC Heap History (6 events):
Event: 0.879 GC heap before
{Heap before GC invocations=0 (full 0):
 garbage-first heap   total 133120K, used 17454K [0x0000000080000000, 0x0000000100000000)
  region size 1024K, 13 young (13312K), 0 survivors (0K)
 Metaspace       used 4823K, committed 4992K, reserved 1114112K
  class space    used 611K, committed 704K, reserved 1048576K
}
Event: 0.895 GC heap after
{Heap after GC invocations=1 (full 0):
 garbage-first heap   total 133120K, used 8654K [0x0000000080000000, 0x0000000100000000)
  region size 1024K, 2 young (2048K), 2 survivors (2048K)
 Metaspace       used 4823K, committed 4992K, reserved 1114112K
  class space    used 611K, committed 704K, reserved 1048576K
}
Event: 1.856 GC heap before
{Heap before GC invocations=1 (full 0):
 garbage-first heap   total 133120K, used 21966K [0x0000000080000000, 0x0000000100000000)
  region size 1024K, 16 young (16384K), 2 survivors (2048K)
 Metaspace       used 13934K, committed 14272K, reserved 1114112K
  class space    used 1693K, committed 1856K, reserved 1048576K
}
Event: 1.865 GC heap after
{Heap after GC invocations=2 (full 0):
 garbage-first heap   total 133120K, used 11069K [0x0000000080000000, 0x0000000100000000)
  region size 1024K, 2 young (2048K), 2 survivors (2048K)
 Metaspace       used 13934K, committed 14272K, reserved 1114112K
  class space    used 1693K, committed 1856K, reserved 1048576K
}
Event: 168.975 GC heap before
{Heap before GC invocations=2 (full 0):
 garbage-first heap   total 133120K, used 73533K [0x0000000080000000, 0x0000000100000000)
  region size 1024K, 64 young (65536K), 2 survivors (2048K)
 Metaspace       used 17733K, committed 18240K, reserved 1114112K
  class space    used 1989K, committed 2240K, reserved 1048576K
}
Event: 168.980 GC heap after
{Heap after GC invocations=3 (full 0):
 garbage-first heap   total 133120K, used 13205K [0x0000000080000000, 0x0000000100000000)
  region size 1024K, 5 young (5120K), 5 survivors (5120K)
 Metaspace       used 17733K, committed 18240K, reserved 1114112K
  class space    used 1989K, committed 2240K, reserved 1048576K
}

Dll operation events (10 events):
Event: 0.005 Loaded shared library /media/tajbir/es-ssd/installs/idea-IU-243.22562.145/jbr/lib/libjava.so
Event: 0.043 Loaded shared library /media/tajbir/es-ssd/installs/idea-IU-243.22562.145/jbr/lib/libzip.so
Event: 0.100 Loaded shared library /media/tajbir/es-ssd/installs/idea-IU-243.22562.145/jbr/lib/libnio.so
Event: 0.138 Loaded shared library /media/tajbir/es-ssd/installs/idea-IU-243.22562.145/jbr/lib/libzip.so
Event: 0.199 Loaded shared library /media/tajbir/es-ssd/installs/idea-IU-243.22562.145/jbr/lib/libjimage.so
Event: 0.717 Loaded shared library /media/tajbir/es-ssd/installs/idea-IU-243.22562.145/jbr/lib/libnet.so
Event: 0.827 Loaded shared library /media/tajbir/es-ssd/installs/idea-IU-243.22562.145/jbr/lib/libextnet.so
Event: 0.878 Loaded shared library /media/tajbir/es-ssd/installs/idea-IU-243.22562.145/jbr/lib/librmi.so
Event: 1.291 Loaded shared library /media/tajbir/es-ssd/installs/idea-IU-243.22562.145/jbr/lib/libmanagement.so
Event: 1.294 Loaded shared library /media/tajbir/es-ssd/installs/idea-IU-243.22562.145/jbr/lib/libmanagement_ext.so

Deoptimization events (20 events):
Event: 168.767 Thread 0x0000781208002330 Uncommon trap: trap_request=0xffffffbe fr.pc=0x00007812ccc91e48 relative=0x0000000000001f08
Event: 168.767 Thread 0x0000781208002330 Uncommon trap: reason=profile_predicate action=maybe_recompile pc=0x00007812ccc91e48 method=java.io.ObjectStreamClass$FieldReflector.getPrimFieldValues(Ljava/lang/Object;[B)V @ 19 c2
Event: 168.767 Thread 0x0000781208002330 DEOPT PACKING pc=0x00007812ccc91e48 sp=0x00007812ba4fa8b0
Event: 168.767 Thread 0x0000781208002330 DEOPT UNPACKING pc=0x00007812cc58e619 sp=0x00007812ba4fa770 mode 2
Event: 168.881 Thread 0x0000781208001120 Uncommon trap: trap_request=0xffffff45 fr.pc=0x00007812ccc78c50 relative=0x0000000000000c50
Event: 168.881 Thread 0x0000781208001120 Uncommon trap: reason=unstable_if action=reinterpret pc=0x00007812ccc78c50 method=sun.nio.ch.Util$BufferCache.get(I)Ljava/nio/ByteBuffer; @ 25 c2
Event: 168.881 Thread 0x0000781208001120 DEOPT PACKING pc=0x00007812ccc78c50 sp=0x00007812bb0fdfd0
Event: 168.881 Thread 0x0000781208001120 DEOPT UNPACKING pc=0x00007812cc58e619 sp=0x00007812bb0fdea0 mode 2
Event: 168.981 Thread 0x00007811d40129d0 Uncommon trap: trap_request=0xffffff45 fr.pc=0x00007812ccbb4270 relative=0x0000000000000070
Event: 168.981 Thread 0x00007811d40129d0 Uncommon trap: reason=unstable_if action=reinterpret pc=0x00007812ccbb4270 method=java.lang.ref.ReferenceQueue.poll()Ljava/lang/ref/Reference; @ 4 c2
Event: 168.981 Thread 0x00007811d40129d0 DEOPT PACKING pc=0x00007812ccbb4270 sp=0x00007812ba3fb7f0
Event: 168.981 Thread 0x00007811d40129d0 DEOPT UNPACKING pc=0x00007812cc58e619 sp=0x00007812ba3fb7a0 mode 2
Event: 168.982 Thread 0x00007811d40129d0 Uncommon trap: trap_request=0xffffff45 fr.pc=0x00007812ccc7e418 relative=0x0000000000002858
Event: 168.982 Thread 0x00007811d40129d0 Uncommon trap: reason=unstable_if action=reinterpret pc=0x00007812ccc7e418 method=java.lang.ThreadLocal.get(Ljava/lang/Thread;)Ljava/lang/Object; @ 7 c2
Event: 168.982 Thread 0x00007811d40129d0 DEOPT PACKING pc=0x00007812ccc7e418 sp=0x00007812ba3fb390
Event: 168.982 Thread 0x00007811d40129d0 DEOPT UNPACKING pc=0x00007812cc58e619 sp=0x00007812ba3fae38 mode 2
Event: 168.982 Thread 0x00007811d40129d0 Uncommon trap: trap_request=0xffffff45 fr.pc=0x00007812ccc48c98 relative=0x0000000000000338
Event: 168.982 Thread 0x00007811d40129d0 Uncommon trap: reason=unstable_if action=reinterpret pc=0x00007812ccc48c98 method=sun.nio.ch.Util$BufferCache.get(I)Ljava/nio/ByteBuffer; @ 25 c2
Event: 168.982 Thread 0x00007811d40129d0 DEOPT PACKING pc=0x00007812ccc48c98 sp=0x00007812ba3faf90
Event: 168.982 Thread 0x00007811d40129d0 DEOPT UNPACKING pc=0x00007812cc58e619 sp=0x00007812ba3faf50 mode 2

Classes loaded (20 events):
Event: 2.261 Loading class java/util/concurrent/LinkedBlockingQueue
Event: 2.261 Loading class java/util/concurrent/LinkedBlockingQueue done
Event: 2.261 Loading class java/util/concurrent/LinkedBlockingQueue$Node
Event: 2.261 Loading class java/util/concurrent/LinkedBlockingQueue$Node done
Event: 2.268 Loading class java/lang/AbstractMethodError
Event: 2.268 Loading class java/lang/AbstractMethodError done
Event: 2.281 Loading class java/util/regex/Pattern$Behind
Event: 2.281 Loading class java/util/regex/Pattern$Behind done
Event: 2.281 Loading class java/util/regex/Pattern$Neg
Event: 2.281 Loading class java/util/regex/Pattern$Neg done
Event: 2.281 Loading class java/util/regex/Pattern$Pos
Event: 2.281 Loading class java/util/regex/Pattern$Pos done
Event: 2.439 Loading class java/lang/ArrayIndexOutOfBoundsException
Event: 2.439 Loading class java/lang/ArrayIndexOutOfBoundsException done
Event: 16.066 Loading class java/util/ArrayList$ListItr
Event: 16.066 Loading class java/util/ArrayList$ListItr done
Event: 78.648 Loading class java/util/DualPivotQuicksort
Event: 78.649 Loading class java/util/DualPivotQuicksort done
Event: 168.981 Loading class sun/rmi/transport/DGCClient$EndpointEntry$CleanRequest
Event: 168.982 Loading class sun/rmi/transport/DGCClient$EndpointEntry$CleanRequest done

Classes unloaded (0 events):
No events

Classes redefined (0 events):
No events

Internal exceptions (20 events):
Event: 2.073 Thread 0x0000781208001120 Exception <a 'java/lang/NoSuchMethodError'{0x00000000877ebf78}: 'void java.lang.invoke.DirectMethodHandle$Holder.invokeInterface(java.lang.Object, java.lang.Object)'> (0x00000000877ebf78) 
thrown [src/hotspot/share/interpreter/linkResolver.cpp, line 783]
Event: 2.166 Thread 0x0000781208002330 Implicit null exception at 0x00007812ccb60f04 to 0x00007812ccb617a4
Event: 2.282 Thread 0x0000781208002330 Exception <a 'java/lang/NoSuchMethodError'{0x000000008747c1d8}: static Lcom/intellij/database/remote/jdba/core/ConnectionInfo;.<clinit>()V> (0x000000008747c1d8) 
thrown [src/hotspot/share/prims/jni.cpp, line 1135]
Event: 2.284 Thread 0x0000781208002330 Exception <a 'java/lang/NoSuchMethodError'{0x0000000087486f40}: static Ljava/lang/Object;.<clinit>()V> (0x0000000087486f40) 
thrown [src/hotspot/share/prims/jni.cpp, line 1135]
Event: 2.284 Thread 0x0000781208002330 Exception <a 'java/lang/NoSuchMethodError'{0x000000008748b520}: static [I.<clinit>()V> (0x000000008748b520) 
thrown [src/hotspot/share/prims/jni.cpp, line 1135]
Event: 2.293 Thread 0x0000781208002330 Exception <a 'java/lang/NoSuchMethodError'{0x00000000874b00f0}: 'java.lang.Object java.lang.invoke.DirectMethodHandle$Holder.invokeInterface(java.lang.Object, java.lang.Object, java.lang.Object, java.lang.Object)'> (0x00000000874b00f0) 
thrown [src/hotspot/share/interpreter/linkResolver.cpp, line 783]
Event: 2.328 Thread 0x0000781208002330 Exception <a 'java/lang/NoSuchMethodError'{0x00000000873b8b88}: static Lcom/intellij/database/remote/jdba/core/ResultLayout;.<clinit>()V> (0x00000000873b8b88) 
thrown [src/hotspot/share/prims/jni.cpp, line 1135]
Event: 2.329 Thread 0x0000781208002330 Exception <a 'java/lang/NoSuchMethodError'{0x00000000873c61e8}: static Lcom/intellij/database/remote/jdba/core/RowLayout;.<clinit>()V> (0x00000000873c61e8) 
thrown [src/hotspot/share/prims/jni.cpp, line 1135]
Event: 2.331 Thread 0x0000781208002330 Exception <a 'java/lang/NoSuchMethodError'{0x00000000873d44f8}: static Lcom/intellij/database/remote/jdba/util/NameAndClass;.<clinit>()V> (0x00000000873d44f8) 
thrown [src/hotspot/share/prims/jni.cpp, line 1135]
Event: 2.332 Thread 0x0000781208002330 Exception <a 'java/lang/NoSuchMethodError'{0x00000000873d7448}: 'java.lang.Object java.lang.invoke.DirectMethodHandle$Holder.invokeInterface(java.lang.Object, java.lang.Object, int, java.lang.Object)'> (0x00000000873d7448) 
thrown [src/hotspot/share/interpreter/linkResolver.cpp, line 783]
Event: 2.332 Thread 0x0000781208002330 Exception <a 'java/lang/NoSuchMethodError'{0x00000000873db5e8}: 'java.lang.Object java.lang.invoke.DirectMethodHandle$Holder.invokeSpecial(java.lang.Object, java.lang.Object, java.lang.Object, int, java.lang.Object)'> (0x00000000873db5e8) 
thrown [src/hotspot/share/interpreter/linkResolver.cpp, line 783]
Event: 2.605 Thread 0x0000781208002330 Exception <a 'java/lang/NoSuchMethodError'{0x0000000086d03b60}: static [Ljava/lang/String;.<clinit>()V> (0x0000000086d03b60) 
thrown [src/hotspot/share/prims/jni.cpp, line 1135]
Event: 9.185 Thread 0x0000781208001120 Implicit null exception at 0x00007812ccb97690 to 0x00007812ccb97f48
Event: 9.185 Thread 0x0000781208001120 Implicit null exception at 0x00007812ccb9a227 to 0x00007812ccb9a2ec
Event: 9.190 Thread 0x0000781208001120 Implicit null exception at 0x00007812ccbb5520 to 0x00007812ccbbe7c8
Event: 9.295 Thread 0x0000781208001120 Exception <a 'java/lang/NoSuchMethodError'{0x0000000085d5ad88}: static [J.<clinit>()V> (0x0000000085d5ad88) 
thrown [src/hotspot/share/prims/jni.cpp, line 1135]
Event: 78.644 Thread 0x0000781208002330 Exception <a 'java/lang/NoSuchMethodError'{0x0000000084e8d940}: 'int java.lang.invoke.DirectMethodHandle$Holder.invokeInterface(java.lang.Object, java.lang.Object, int, int)'> (0x0000000084e8d940) 
thrown [src/hotspot/share/interpreter/linkResolver.cpp, line 783]
Event: 78.644 Thread 0x0000781208002330 Exception <a 'java/lang/NoSuchMethodError'{0x0000000084e94708}: 'int java.lang.invoke.DelegatingMethodHandle$Holder.reinvoke_L(java.lang.Object, java.lang.Object, int, int)'> (0x0000000084e94708) 
thrown [src/hotspot/share/interpreter/linkResolver.cpp, line 783]
Event: 78.648 Thread 0x0000781208002330 Exception <a 'java/lang/NoSuchMethodError'{0x0000000084eaba08}: static Lcom/intellij/database/remote/jdbc/RemoteResultSet$DataRetrievingOptions;.<clinit>()V> (0x0000000084eaba08) 
thrown [src/hotspot/share/prims/jni.cpp, line 1135]
Event: 168.982 Thread 0x00007811d40129d0 Implicit null exception at 0x00007812ccc7bf85 to 0x00007812ccc7e3b8

ZGC Phase Switch (0 events):
No events

VM Operations (20 events):
Event: 182.160 Executing VM operation: Cleanup done
Event: 183.160 Executing VM operation: Cleanup
Event: 183.160 Executing VM operation: Cleanup done
Event: 199.161 Executing VM operation: Cleanup
Event: 199.161 Executing VM operation: Cleanup done
Event: 207.162 Executing VM operation: Cleanup
Event: 207.162 Executing VM operation: Cleanup done
Event: 240.190 Executing VM operation: HandshakeAllThreads (HandshakeForDeflation)
Event: 240.190 Executing VM operation: HandshakeAllThreads (HandshakeForDeflation) done
Event: 240.190 Executing VM operation: RendezvousGCThreads
Event: 240.190 Executing VM operation: RendezvousGCThreads done
Event: 303.204 Executing VM operation: Cleanup
Event: 303.204 Executing VM operation: Cleanup done
Event: 310.205 Executing VM operation: Cleanup
Event: 310.205 Executing VM operation: Cleanup done
Event: 709.259 Executing VM operation: Cleanup
Event: 709.259 Executing VM operation: Cleanup done
Event: 1084.309 Executing VM operation: Cleanup
Event: 1084.309 Executing VM operation: Cleanup done
Event: 1100.957 Executing VM operation: Exit

Memory protections (20 events):
Event: 2.717 Protecting memory [0x00007812ba0fd000,0x00007812ba101000] with protection modes 0
Event: 2.718 Protecting memory [0x00007812b9efd000,0x00007812b9f01000] with protection modes 0
Event: 2.719 Protecting memory [0x00007812b9ffd000,0x00007812ba001000] with protection modes 0
Event: 9.191 Protecting memory [0x00007812bb000000,0x00007812bb004000] with protection modes 0
Event: 12.306 Protecting memory [0x00007812bb000000,0x00007812bb004000] with protection modes 0
Event: 12.308 Protecting memory [0x00007812bb000000,0x00007812bb004000] with protection modes 0
Event: 78.579 Protecting memory [0x00007812ba6fd000,0x00007812ba701000] with protection modes 0
Event: 78.585 Protecting memory [0x00007812ba1fd000,0x00007812ba201000] with protection modes 0
Event: 88.700 Protecting memory [0x00007812ba6fd000,0x00007812ba701000] with protection modes 0
Event: 88.702 Protecting memory [0x00007812ba6fd000,0x00007812ba701000] with protection modes 0
Event: 88.703 Protecting memory [0x00007812bb000000,0x00007812bb004000] with protection modes 0
Event: 88.705 Protecting memory [0x00007812bb000000,0x00007812bb004000] with protection modes 0
Event: 88.710 Protecting memory [0x00007812b9ffd000,0x00007812ba001000] with protection modes 0
Event: 88.711 Protecting memory [0x00007812b9dfd000,0x00007812b9e01000] with protection modes 0
Event: 168.578 Protecting memory [0x00007812ba4fd000,0x00007812ba501000] with protection modes 0
Event: 168.881 Protecting memory [0x00007812bb000000,0x00007812bb004000] with protection modes 0
Event: 182.273 Protecting memory [0x00007812ba4fd000,0x00007812ba501000] with protection modes 0
Event: 198.058 Protecting memory [0x00007812ba4fd000,0x00007812ba501000] with protection modes 0
Event: 198.058 Protecting memory [0x00007812b9ffd000,0x00007812ba001000] with protection modes 0
Event: 1100.956 Protecting memory [0x00007812ba3fd000,0x00007812ba401000] with protection modes 0

Nmethod flushes (0 events):
No events

Events (20 events):
Event: 88.710 Thread 0x0000781208002330 Thread added: 0x00007811cc049320
Event: 88.711 Thread 0x0000781208002330 Thread added: 0x00007811cc04e920
Event: 88.711 Thread 0x00007811cc04a2e0 Thread exited: 0x00007811cc04a2e0
Event: 88.711 Thread 0x00007811cc04e920 Thread exited: 0x00007811cc04e920
Event: 88.711 Thread 0x00007811cc049320 Thread exited: 0x00007811cc049320
Event: 88.711 Thread 0x00007811cc04fb50 Thread exited: 0x00007811cc04fb50
Event: 91.023 Thread 0x0000781208001120 Thread exited: 0x0000781208001120
Event: 168.578 Thread 0x00007812d81356a0 Thread added: 0x000078122821e250
Event: 168.881 Thread 0x00007812d8322fb0 Thread added: 0x0000781208001120
Event: 174.033 Thread 0x000078122821e250 Thread exited: 0x000078122821e250
Event: 182.272 Thread 0x00007812d8133ff0 Thread added: 0x000078122c2dfec0
Event: 187.345 Thread 0x000078122c2dfec0 Thread exited: 0x000078122c2dfec0
Event: 198.058 Thread 0x0000781208001120 Thread added: 0x00007811e000a400
Event: 198.058 Thread 0x0000781208001120 Thread added: 0x00007811e00062c0
Event: 198.058 Thread 0x00007811e000a400 Thread exited: 0x00007811e000a400
Event: 198.058 Thread 0x00007811e00062c0 Thread exited: 0x00007811e00062c0
Event: 256.025 Thread 0x0000781208002330 Thread exited: 0x0000781208002330
Event: 1100.956 Thread 0x00007812d802c280 Thread added: 0x00007812d8291940
Event: 1100.956 Thread 0x00007812d8291940 Thread exited: 0x00007812d8291940
Event: 1100.956 Thread 0x00007812d802c280 Before exit entered


Dynamic libraries:
80000000-88000000 rw-p 00000000 00:00 0 
88000000-ffe00000 ---p 00000000 00:00 0 
ffe00000-fff0c000 rw-p 00d6f000 08:12 12064861                           /media/tajbir/es-ssd/installs/idea-IU-243.22562.145/jbr/lib/server/classes.jsa
fff0c000-100000000 rw-p 00000000 00:00 0 
5da2003a8000-5da2003a9000 r--p 00000000 08:12 12064684                   /media/tajbir/es-ssd/installs/idea-IU-243.22562.145/jbr/bin/java
5da2003a9000-5da2003aa000 r-xp 00001000 08:12 12064684                   /media/tajbir/es-ssd/installs/idea-IU-243.22562.145/jbr/bin/java
5da2003aa000-5da2003ab000 r--p 00002000 08:12 12064684                   /media/tajbir/es-ssd/installs/idea-IU-243.22562.145/jbr/bin/java
5da2003ab000-5da2003ac000 r--p 00002000 08:12 12064684                   /media/tajbir/es-ssd/installs/idea-IU-243.22562.145/jbr/bin/java
5da2003ac000-5da2003ad000 rw-p 00003000 08:12 12064684                   /media/tajbir/es-ssd/installs/idea-IU-243.22562.145/jbr/bin/java
5da23dab4000-5da23dafb000 rw-p 00000000 00:00 0                          [heap]
7811c8000000-7811c8021000 rw-p 00000000 00:00 0 
7811c8021000-7811cc000000 ---p 00000000 00:00 0 
7811cc000000-7811cc0d1000 rw-p 00000000 00:00 0 
7811cc0d1000-7811d0000000 ---p 00000000 00:00 0 
7811d4000000-7811d4e05000 rw-p 00000000 00:00 0 
7811d4e05000-7811d8000000 ---p 00000000 00:00 0 
7811d8000000-7811d8021000 rw-p 00000000 00:00 0 
7811d8021000-7811dc000000 ---p 00000000 00:00 0 
7811e0000000-7811e00dd000 rw-p 00000000 00:00 0 
7811e00dd000-7811e4000000 ---p 00000000 00:00 0 
7811e4000000-7811e4021000 rw-p 00000000 00:00 0 
7811e4021000-7811e8000000 ---p 00000000 00:00 0 
7811ec000000-7811ec021000 rw-p 00000000 00:00 0 
7811ec021000-7811f0000000 ---p 00000000 00:00 0 
7811f0000000-7811f002a000 rw-p 00000000 00:00 0 
7811f002a000-7811f4000000 ---p 00000000 00:00 0 
7811f8000000-7811f8021000 rw-p 00000000 00:00 0 
7811f8021000-7811fc000000 ---p 00000000 00:00 0 
7811fc000000-7811fc021000 rw-p 00000000 00:00 0 
7811fc021000-781200000000 ---p 00000000 00:00 0 
781204000000-781204021000 rw-p 00000000 00:00 0 
781204021000-781208000000 ---p 00000000 00:00 0 
781208000000-781208021000 rw-p 00000000 00:00 0 
781208021000-78120c000000 ---p 00000000 00:00 0 
781210000000-781210021000 rw-p 00000000 00:00 0 
781210021000-781214000000 ---p 00000000 00:00 0 
781214000000-781215633000 rw-p 00000000 00:00 0 
781215633000-781218000000 ---p 00000000 00:00 0 
78121c000000-78121c021000 rw-p 00000000 00:00 0 
78121c021000-781220000000 ---p 00000000 00:00 0 
781220000000-781220021000 rw-p 00000000 00:00 0 
781220021000-781224000000 ---p 00000000 00:00 0 
781228000000-7812288b3000 rw-p 00000000 00:00 0 
7812288b3000-78122c000000 ---p 00000000 00:00 0 
78122c000000-78122d911000 rw-p 00000000 00:00 0 
78122d911000-781230000000 ---p 00000000 00:00 0 
781234000000-781234021000 rw-p 00000000 00:00 0 
781234021000-781238000000 ---p 00000000 00:00 0 
781238000000-781238021000 rw-p 00000000 00:00 0 
781238021000-78123c000000 ---p 00000000 00:00 0 
781240000000-781240021000 rw-p 00000000 00:00 0 
781240021000-781244000000 ---p 00000000 00:00 0 
781244000000-781244021000 rw-p 00000000 00:00 0 
781244021000-781248000000 ---p 00000000 00:00 0 
78124c000000-78124c021000 rw-p 00000000 00:00 0 
78124c021000-781250000000 ---p 00000000 00:00 0 
781250000000-7812500cf000 rw-p 00000000 00:00 0 
7812500cf000-781254000000 ---p 00000000 00:00 0 
781258000000-7812583f0000 rw-p 00000000 00:00 0 
7812583f0000-7812586f0000 rw-p 00000000 00:00 0 
7812586f0000-7812587f0000 rw-p 00000000 00:00 0 
7812587f0000-781258870000 rw-p 00000000 00:00 0 
781258870000-7812588f0000 rw-p 00000000 00:00 0 
7812588f0000-781258af0000 rw-p 00000000 00:00 0 
781258af0000-781258b30000 rw-p 00000000 00:00 0 
781258b30000-781258b70000 rw-p 00000000 00:00 0 
781258b70000-781258cf0000 rw-p 00000000 00:00 0 
781258cf0000-781258df0000 rw-p 00000000 00:00 0 
781258df0000-781258f60000 rw-p 00000000 00:00 0 
781258f60000-781258f80000 ---p 00000000 00:00 0 
781258f80000-781258fe0000 rw-p 00000000 00:00 0 
781258fe0000-78125c000000 ---p 00000000 00:00 0 
78125c000000-78125c021000 rw-p 00000000 00:00 0 
78125c021000-781260000000 ---p 00000000 00:00 0 
781263000000-781263d2d000 rw-p 00001000 08:12 12064861                   /media/tajbir/es-ssd/installs/idea-IU-243.22562.145/jbr/lib/server/classes.jsa
781263d2d000-781264000000 ---p 00000000 00:00 0 
781264000000-781264030000 rw-p 00000000 00:00 0 
781264030000-781264070000 rw-p 00000000 00:00 0 
781264070000-7812640b0000 rw-p 00000000 00:00 0 
7812640b0000-781264130000 rw-p 00000000 00:00 0 
781264130000-7812641b0000 rw-p 00000000 00:00 0 
7812641b0000-781264230000 rw-p 00000000 00:00 0 
781264230000-7812a4000000 ---p 00000000 00:00 0 
7812a4000000-7812a4021000 rw-p 00000000 00:00 0 
7812a4021000-7812a8000000 ---p 00000000 00:00 0 
7812a8000000-7812a8021000 rw-p 00000000 00:00 0 
7812a8021000-7812ac000000 ---p 00000000 00:00 0 
7812b0000000-7812b0021000 rw-p 00000000 00:00 0 
7812b0021000-7812b4000000 ---p 00000000 00:00 0 
7812b4000000-7812b4021000 rw-p 00000000 00:00 0 
7812b4021000-7812b8000000 ---p 00000000 00:00 0 
7812b96fd000-7812b9701000 ---p 00000000 00:00 0 
7812b9701000-7812b97fd000 rw-p 00000000 00:00 0 
7812b97fd000-7812b9801000 ---p 00000000 00:00 0 
7812b9801000-7812b98fd000 rw-p 00000000 00:00 0 
7812b98fd000-7812b9901000 ---p 00000000 00:00 0 
7812b9901000-7812b99fd000 rw-p 00000000 00:00 0 
7812b99fd000-7812b9a01000 ---p 00000000 00:00 0 
7812b9a01000-7812b9afd000 rw-p 00000000 00:00 0 
7812b9afd000-7812b9b01000 ---p 00000000 00:00 0 
7812b9b01000-7812b9bfd000 rw-p 00000000 00:00 0 
7812b9bfd000-7812b9c01000 ---p 00000000 00:00 0 
7812b9c01000-7812b9cfd000 rw-p 00000000 00:00 0 
7812b9cfd000-7812b9d01000 ---p 00000000 00:00 0 
7812b9d01000-7812b9dfd000 rw-p 00000000 00:00 0 
7812b9dfd000-7812b9e01000 ---p 00000000 00:00 0 
7812b9e01000-7812b9efd000 rw-p 00000000 00:00 0 
7812b9efd000-7812b9f01000 ---p 00000000 00:00 0 
7812b9f01000-7812b9ffd000 rw-p 00000000 00:00 0 
7812b9ffd000-7812ba001000 ---p 00000000 00:00 0 
7812ba001000-7812ba0fd000 rw-p 00000000 00:00 0 
7812ba0fd000-7812ba101000 ---p 00000000 00:00 0 
7812ba101000-7812ba1fd000 rw-p 00000000 00:00 0 
7812ba1fd000-7812ba201000 ---p 00000000 00:00 0 
7812ba201000-7812ba2fd000 rw-p 00000000 00:00 0 
7812ba2fd000-7812ba301000 ---p 00000000 00:00 0 
7812ba301000-7812ba3fd000 rw-p 00000000 00:00 0 
7812ba3fd000-7812ba401000 ---p 00000000 00:00 0 
7812ba401000-7812ba4fd000 rw-p 00000000 00:00 0 
7812ba4fd000-7812ba501000 ---p 00000000 00:00 0 
7812ba501000-7812ba5fd000 rw-p 00000000 00:00 0 
7812ba5fd000-7812ba601000 ---p 00000000 00:00 0 
7812ba601000-7812ba6fd000 rw-p 00000000 00:00 0 
7812ba6fd000-7812ba701000 ---p 00000000 00:00 0 
7812ba701000-7812ba7fd000 rw-p 00000000 00:00 0 
7812ba7fd000-7812ba801000 ---p 00000000 00:00 0 
7812ba801000-7812ba8fd000 rw-p 00000000 00:00 0 
7812ba8fd000-7812ba901000 ---p 00000000 00:00 0 
7812ba901000-7812ba9fd000 rw-p 00000000 00:00 0 
7812ba9fd000-7812ba9fe000 ---p 00000000 00:00 0 
7812ba9fe000-7812baafe000 rw-p 00000000 00:00 0 
7812baafe000-7812baaff000 ---p 00000000 00:00 0 
7812baaff000-7812babff000 rw-p 00000000 00:00 0 
7812babff000-7812bac00000 ---p 00000000 00:00 0 
7812bac00000-7812bad00000 rw-p 00000000 00:00 0 
7812bad00000-7812bad04000 ---p 00000000 00:00 0 
7812bad04000-7812bae00000 rw-p 00000000 00:00 0 
7812bae00000-7812bae04000 ---p 00000000 00:00 0 
7812bae04000-7812baf00000 rw-p 00000000 00:00 0 
7812baf00000-7812baf04000 ---p 00000000 00:00 0 
7812baf04000-7812bb000000 rw-p 00000000 00:00 0 
7812bb000000-7812bb004000 ---p 00000000 00:00 0 
7812bb004000-7812bb100000 rw-p 00000000 00:00 0 
7812bb100000-7812bb104000 ---p 00000000 00:00 0 
7812bb104000-7812bb200000 rw-p 00000000 00:00 0 
7812bb200000-7812bb204000 ---p 00000000 00:00 0 
7812bb204000-7812bb300000 rw-p 00000000 00:00 0 
7812bb300000-7812bb304000 ---p 00000000 00:00 0 
7812bb304000-7812bb400000 rw-p 00000000 00:00 0 
7812bb400000-7812bb404000 ---p 00000000 00:00 0 
7812bb404000-7812bb500000 rw-p 00000000 00:00 0 
7812bb500000-7812bb504000 ---p 00000000 00:00 0 
7812bb504000-7812bb600000 rw-p 00000000 00:00 0 
7812bb600000-7812bb604000 ---p 00000000 00:00 0 
7812bb604000-7812bb700000 rw-p 00000000 00:00 0 
7812bb700000-7812bb704000 ---p 00000000 00:00 0 
7812bb704000-7812bb800000 rw-p 00000000 00:00 0 
7812bb800000-7812bb804000 ---p 00000000 00:00 0 
7812bb804000-7812bb900000 rw-p 00000000 00:00 0 
7812bb900000-7812bb904000 ---p 00000000 00:00 0 
7812bb904000-7812bba00000 rw-p 00000000 00:00 0 
7812bba00000-7812bbfd0000 r--p 00000000 103:02 3934844                   /usr/lib/locale/locale-archive
7812bc000000-7812bc021000 rw-p 00000000 00:00 0 
7812bc021000-7812c0000000 ---p 00000000 00:00 0 
7812c0004000-7812c0005000 ---p 00000000 00:00 0 
7812c0005000-7812c0105000 rw-p 00000000 00:00 0 
7812c0105000-7812c0106000 ---p 00000000 00:00 0 
7812c0106000-7812c0206000 rw-p 00000000 00:00 0 
7812c0320000-7812c03fc000 rw-p 00000000 00:00 0 
7812c03fc000-7812c03fd000 ---p 00000000 00:00 0 
7812c03fd000-7812c04fd000 rw-p 00000000 00:00 0 
7812c04fd000-7812c04fe000 ---p 00000000 00:00 0 
7812c04fe000-7812c05fe000 rw-p 00000000 00:00 0 
7812c05fe000-7812c2a00000 rw-p 00000000 00:00 0 
7812c2a00000-7812c47f8000 ---p 00000000 00:00 0 
7812c47f8000-7812c47fc000 rw-p 00000000 00:00 0 
7812c47fc000-7812c4840000 rw-p 00000000 00:00 0 
7812c4840000-7812c4bff000 ---p 00000000 00:00 0 
7812c4bff000-7812c4c40000 rw-p 00000000 00:00 0 
7812c4c40000-7812c4fff000 ---p 00000000 00:00 0 
7812c4fff000-7812c5000000 rw-p 00000000 00:00 0 
7812c5000000-7812c56a0000 rwxp 00000000 00:00 0 
7812c56a0000-7812cc537000 ---p 00000000 00:00 0 
7812cc537000-7812cc7a7000 rwxp 00000000 00:00 0 
7812cc7a7000-7812ccac8000 ---p 00000000 00:00 0 
7812ccac8000-7812ccd38000 rwxp 00000000 00:00 0 
7812ccd38000-7812d4000000 ---p 00000000 00:00 0 
7812d4000000-7812d7fba000 r--s 00000000 08:12 12064764                   /media/tajbir/es-ssd/installs/idea-IU-243.22562.145/jbr/lib/modules
7812d7fd5000-7812d7fdc000 r--s 00000000 103:02 3971183                   /usr/lib/x86_64-linux-gnu/gconv/gconv-modules.cache
7812d7fdc000-7812d7fde000 r--p 00000000 08:12 12064767                   /media/tajbir/es-ssd/installs/idea-IU-243.22562.145/jbr/lib/libmanagement_ext.so
7812d7fde000-7812d7fe1000 r-xp 00002000 08:12 12064767                   /media/tajbir/es-ssd/installs/idea-IU-243.22562.145/jbr/lib/libmanagement_ext.so
7812d7fe1000-7812d7fe2000 r--p 00005000 08:12 12064767                   /media/tajbir/es-ssd/installs/idea-IU-243.22562.145/jbr/lib/libmanagement_ext.so
7812d7fe2000-7812d7fe3000 ---p 00006000 08:12 12064767                   /media/tajbir/es-ssd/installs/idea-IU-243.22562.145/jbr/lib/libmanagement_ext.so
7812d7fe3000-7812d7fe4000 r--p 00006000 08:12 12064767                   /media/tajbir/es-ssd/installs/idea-IU-243.22562.145/jbr/lib/libmanagement_ext.so
7812d7fe4000-7812d7fe5000 rw-p 00000000 00:00 0 
7812d7fe5000-7812d7fe7000 r--p 00000000 08:12 12064774                   /media/tajbir/es-ssd/installs/idea-IU-243.22562.145/jbr/lib/libmanagement.so
7812d7fe7000-7812d7fe8000 r-xp 00002000 08:12 12064774                   /media/tajbir/es-ssd/installs/idea-IU-243.22562.145/jbr/lib/libmanagement.so
7812d7fe8000-7812d7fe9000 r--p 00003000 08:12 12064774                   /media/tajbir/es-ssd/installs/idea-IU-243.22562.145/jbr/lib/libmanagement.so
7812d7fe9000-7812d7fea000 r--p 00003000 08:12 12064774                   /media/tajbir/es-ssd/installs/idea-IU-243.22562.145/jbr/lib/libmanagement.so
7812d7fea000-7812d7feb000 rw-p 00000000 00:00 0 
7812d7feb000-7812d7fec000 r--p 00000000 08:12 12064763                   /media/tajbir/es-ssd/installs/idea-IU-243.22562.145/jbr/lib/librmi.so
7812d7fec000-7812d7fed000 r-xp 00001000 08:12 12064763                   /media/tajbir/es-ssd/installs/idea-IU-243.22562.145/jbr/lib/librmi.so
7812d7fed000-7812d7fee000 r--p 00002000 08:12 12064763                   /media/tajbir/es-ssd/installs/idea-IU-243.22562.145/jbr/lib/librmi.so
7812d7fee000-7812d7fef000 r--p 00002000 08:12 12064763                   /media/tajbir/es-ssd/installs/idea-IU-243.22562.145/jbr/lib/librmi.so
7812d7fef000-7812d7ff0000 rw-p 00000000 00:00 0 
7812d7ff0000-7812d7ff3000 r--p 00000000 08:12 12064829                   /media/tajbir/es-ssd/installs/idea-IU-243.22562.145/jbr/lib/libnet.so
7812d7ff3000-7812d7ffb000 r-xp 00003000 08:12 12064829                   /media/tajbir/es-ssd/installs/idea-IU-243.22562.145/jbr/lib/libnet.so
7812d7ffb000-7812d7ffd000 r--p 0000b000 08:12 12064829                   /media/tajbir/es-ssd/installs/idea-IU-243.22562.145/jbr/lib/libnet.so
7812d7ffd000-7812d7ffe000 ---p 0000d000 08:12 12064829                   /media/tajbir/es-ssd/installs/idea-IU-243.22562.145/jbr/lib/libnet.so
7812d7ffe000-7812d7fff000 r--p 0000d000 08:12 12064829                   /media/tajbir/es-ssd/installs/idea-IU-243.22562.145/jbr/lib/libnet.so
7812d7fff000-7812d834d000 rw-p 00000000 00:00 0 
7812d834d000-7812dc000000 ---p 00000000 00:00 0 
7812dc000000-7812dc007000 r--p 00000000 08:12 12064851                   /media/tajbir/es-ssd/installs/idea-IU-243.22562.145/jbr/lib/libnio.so
7812dc007000-7812dc010000 r-xp 00007000 08:12 12064851                   /media/tajbir/es-ssd/installs/idea-IU-243.22562.145/jbr/lib/libnio.so
7812dc010000-7812dc014000 r--p 00010000 08:12 12064851                   /media/tajbir/es-ssd/installs/idea-IU-243.22562.145/jbr/lib/libnio.so
7812dc014000-7812dc015000 ---p 00014000 08:12 12064851                   /media/tajbir/es-ssd/installs/idea-IU-243.22562.145/jbr/lib/libnio.so
7812dc015000-7812dc016000 r--p 00014000 08:12 12064851                   /media/tajbir/es-ssd/installs/idea-IU-243.22562.145/jbr/lib/libnio.so
7812dc016000-7812dc017000 rw-p 00015000 08:12 12064851                   /media/tajbir/es-ssd/installs/idea-IU-243.22562.145/jbr/lib/libnio.so
7812dc017000-7812dc019000 r--p 00000000 08:12 12064857                   /media/tajbir/es-ssd/installs/idea-IU-243.22562.145/jbr/lib/libzip.so
7812dc019000-7812dc01d000 r-xp 00002000 08:12 12064857                   /media/tajbir/es-ssd/installs/idea-IU-243.22562.145/jbr/lib/libzip.so
7812dc01d000-7812dc01f000 r--p 00006000 08:12 12064857                   /media/tajbir/es-ssd/installs/idea-IU-243.22562.145/jbr/lib/libzip.so
7812dc01f000-7812dc020000 r--p 00007000 08:12 12064857                   /media/tajbir/es-ssd/installs/idea-IU-243.22562.145/jbr/lib/libzip.so
7812dc020000-7812dc223000 rw-p 00000000 00:00 0 
7812dc223000-7812dc224000 ---p 00000000 00:00 0 
7812dc224000-7812dc324000 rw-p 00000000 00:00 0 
7812dc324000-7812dc325000 ---p 00000000 00:00 0 
7812dc325000-7812dc425000 rw-p 00000000 00:00 0 
7812dc425000-7812dc426000 ---p 00000000 00:00 0 
7812dc426000-7812dc526000 rw-p 00000000 00:00 0 
7812dc526000-7812dc92f000 rw-p 00000000 00:00 0 
7812dc92f000-7812dca15000 ---p 00000000 00:00 0 
7812dca15000-7812dca23000 rw-p 00000000 00:00 0 
7812dca23000-7812dcb00000 ---p 00000000 00:00 0 
7812dcb00000-7812dcb04000 ---p 00000000 00:00 0 
7812dcb04000-7812dcc00000 rw-p 00000000 00:00 0 
7812dcc00000-7812dcea3000 r--p 00000000 08:12 12064860                   /media/tajbir/es-ssd/installs/idea-IU-243.22562.145/jbr/lib/server/libjvm.so
7812dcea3000-7812ddd18000 r-xp 002a3000 08:12 12064860                   /media/tajbir/es-ssd/installs/idea-IU-243.22562.145/jbr/lib/server/libjvm.so
7812ddd18000-7812ddffb000 r--p 01118000 08:12 12064860                   /media/tajbir/es-ssd/installs/idea-IU-243.22562.145/jbr/lib/server/libjvm.so
7812ddffb000-7812ddffc000 ---p 013fb000 08:12 12064860                   /media/tajbir/es-ssd/installs/idea-IU-243.22562.145/jbr/lib/server/libjvm.so
7812ddffc000-7812de0d0000 r--p 013fb000 08:12 12064860                   /media/tajbir/es-ssd/installs/idea-IU-243.22562.145/jbr/lib/server/libjvm.so
7812de0d0000-7812de100000 rw-p 014cf000 08:12 12064860                   /media/tajbir/es-ssd/installs/idea-IU-243.22562.145/jbr/lib/server/libjvm.so
7812de100000-7812de176000 rw-p 00000000 00:00 0 
7812de17a000-7812de200000 rw-p 00000000 00:00 0 
7812de200000-7812de228000 r--p 00000000 103:02 3971194                   /usr/lib/x86_64-linux-gnu/libc.so.6
7812de228000-7812de3b0000 r-xp 00028000 103:02 3971194                   /usr/lib/x86_64-linux-gnu/libc.so.6
7812de3b0000-7812de3ff000 r--p 001b0000 103:02 3971194                   /usr/lib/x86_64-linux-gnu/libc.so.6
7812de3ff000-7812de403000 r--p 001fe000 103:02 3971194                   /usr/lib/x86_64-linux-gnu/libc.so.6
7812de403000-7812de405000 rw-p 00202000 103:02 3971194                   /usr/lib/x86_64-linux-gnu/libc.so.6
7812de405000-7812de412000 rw-p 00000000 00:00 0 
7812de413000-7812de439000 rw-p 00000000 00:00 0 
7812de439000-7812de440000 ---p 00000000 00:00 0 
7812de440000-7812de44d000 r--p 00000000 08:12 12064843                   /media/tajbir/es-ssd/installs/idea-IU-243.22562.145/jbr/lib/libjava.so
7812de44d000-7812de45b000 r-xp 0000d000 08:12 12064843                   /media/tajbir/es-ssd/installs/idea-IU-243.22562.145/jbr/lib/libjava.so
7812de45b000-7812de460000 r--p 0001b000 08:12 12064843                   /media/tajbir/es-ssd/installs/idea-IU-243.22562.145/jbr/lib/libjava.so
7812de460000-7812de461000 ---p 00020000 08:12 12064843                   /media/tajbir/es-ssd/installs/idea-IU-243.22562.145/jbr/lib/libjava.so
7812de461000-7812de462000 r--p 00020000 08:12 12064843                   /media/tajbir/es-ssd/installs/idea-IU-243.22562.145/jbr/lib/libjava.so
7812de462000-7812de463000 rw-p 00021000 08:12 12064843                   /media/tajbir/es-ssd/installs/idea-IU-243.22562.145/jbr/lib/libjava.so
7812de463000-7812de464000 rw-p 00000000 00:00 0 
7812de464000-7812de467000 r--p 00000000 08:12 12064762                   /media/tajbir/es-ssd/installs/idea-IU-243.22562.145/jbr/lib/libjimage.so
7812de467000-7812de47b000 r-xp 00003000 08:12 12064762                   /media/tajbir/es-ssd/installs/idea-IU-243.22562.145/jbr/lib/libjimage.so
7812de47b000-7812de481000 r--p 00017000 08:12 12064762                   /media/tajbir/es-ssd/installs/idea-IU-243.22562.145/jbr/lib/libjimage.so
7812de481000-7812de483000 r--p 0001c000 08:12 12064762                   /media/tajbir/es-ssd/installs/idea-IU-243.22562.145/jbr/lib/libjimage.so
7812de483000-7812de484000 rw-p 0001e000 08:12 12064762                   /media/tajbir/es-ssd/installs/idea-IU-243.22562.145/jbr/lib/libjimage.so
7812de484000-7812de494000 r--p 00000000 103:02 3971197                   /usr/lib/x86_64-linux-gnu/libm.so.6
7812de494000-7812de513000 r-xp 00010000 103:02 3971197                   /usr/lib/x86_64-linux-gnu/libm.so.6
7812de513000-7812de56b000 r--p 0008f000 103:02 3971197                   /usr/lib/x86_64-linux-gnu/libm.so.6
7812de56b000-7812de56c000 r--p 000e7000 103:02 3971197                   /usr/lib/x86_64-linux-gnu/libm.so.6
7812de56c000-7812de56d000 rw-p 000e8000 103:02 3971197                   /usr/lib/x86_64-linux-gnu/libm.so.6
7812de56d000-7812de56e000 r--p 00000000 103:02 3971208                   /usr/lib/x86_64-linux-gnu/librt.so.1
7812de56e000-7812de56f000 r-xp 00001000 103:02 3971208                   /usr/lib/x86_64-linux-gnu/librt.so.1
7812de56f000-7812de570000 r--p 00002000 103:02 3971208                   /usr/lib/x86_64-linux-gnu/librt.so.1
7812de570000-7812de571000 r--p 00002000 103:02 3971208                   /usr/lib/x86_64-linux-gnu/librt.so.1
7812de571000-7812de572000 rw-p 00003000 103:02 3971208                   /usr/lib/x86_64-linux-gnu/librt.so.1
7812de572000-7812de576000 rw-p 00000000 00:00 0 
7812de576000-7812de577000 r--p 00000000 103:02 3971196                   /usr/lib/x86_64-linux-gnu/libdl.so.2
7812de577000-7812de578000 r-xp 00001000 103:02 3971196                   /usr/lib/x86_64-linux-gnu/libdl.so.2
7812de578000-7812de579000 r--p 00002000 103:02 3971196                   /usr/lib/x86_64-linux-gnu/libdl.so.2
7812de579000-7812de57a000 r--p 00002000 103:02 3971196                   /usr/lib/x86_64-linux-gnu/libdl.so.2
7812de57a000-7812de57b000 rw-p 00003000 103:02 3971196                   /usr/lib/x86_64-linux-gnu/libdl.so.2
7812de57b000-7812de57c000 r--p 00000000 103:02 3971206                   /usr/lib/x86_64-linux-gnu/libpthread.so.0
7812de57c000-7812de57d000 r-xp 00001000 103:02 3971206                   /usr/lib/x86_64-linux-gnu/libpthread.so.0
7812de57d000-7812de57e000 r--p 00002000 103:02 3971206                   /usr/lib/x86_64-linux-gnu/libpthread.so.0
7812de57e000-7812de57f000 r--p 00002000 103:02 3971206                   /usr/lib/x86_64-linux-gnu/libpthread.so.0
7812de57f000-7812de580000 rw-p 00003000 103:02 3971206                   /usr/lib/x86_64-linux-gnu/libpthread.so.0
7812de580000-7812de582000 r--p 00000000 08:12 12064872                   /media/tajbir/es-ssd/installs/idea-IU-243.22562.145/jbr/lib/libjli.so
7812de582000-7812de58c000 r-xp 00002000 08:12 12064872                   /media/tajbir/es-ssd/installs/idea-IU-243.22562.145/jbr/lib/libjli.so
7812de58c000-7812de58f000 r--p 0000c000 08:12 12064872                   /media/tajbir/es-ssd/installs/idea-IU-243.22562.145/jbr/lib/libjli.so
7812de58f000-7812de590000 ---p 0000f000 08:12 12064872                   /media/tajbir/es-ssd/installs/idea-IU-243.22562.145/jbr/lib/libjli.so
7812de590000-7812de591000 r--p 0000f000 08:12 12064872                   /media/tajbir/es-ssd/installs/idea-IU-243.22562.145/jbr/lib/libjli.so
7812de591000-7812de592000 rw-p 00010000 08:12 12064872                   /media/tajbir/es-ssd/installs/idea-IU-243.22562.145/jbr/lib/libjli.so
7812de592000-7812de594000 r--p 00000000 103:02 3944212                   /usr/lib/x86_64-linux-gnu/libz.so.1.3
7812de594000-7812de5a6000 r-xp 00002000 103:02 3944212                   /usr/lib/x86_64-linux-gnu/libz.so.1.3
7812de5a6000-7812de5ac000 r--p 00014000 103:02 3944212                   /usr/lib/x86_64-linux-gnu/libz.so.1.3
7812de5ac000-7812de5ad000 r--p 0001a000 103:02 3944212                   /usr/lib/x86_64-linux-gnu/libz.so.1.3
7812de5ad000-7812de5ae000 rw-p 0001b000 103:02 3944212                   /usr/lib/x86_64-linux-gnu/libz.so.1.3
7812de5b0000-7812de5b1000 r--p 00000000 08:12 12064835                   /media/tajbir/es-ssd/installs/idea-IU-243.22562.145/jbr/lib/libextnet.so
7812de5b1000-7812de5b2000 r-xp 00001000 08:12 12064835                   /media/tajbir/es-ssd/installs/idea-IU-243.22562.145/jbr/lib/libextnet.so
7812de5b2000-7812de5b3000 r--p 00002000 08:12 12064835                   /media/tajbir/es-ssd/installs/idea-IU-243.22562.145/jbr/lib/libextnet.so
7812de5b3000-7812de5b4000 r--p 00002000 08:12 12064835                   /media/tajbir/es-ssd/installs/idea-IU-243.22562.145/jbr/lib/libextnet.so
7812de5b4000-7812de5b5000 rw-p 00000000 00:00 0 
7812de5b5000-7812de5bd000 rw-s 00000000 103:02 3154232                   /tmp/hsperfdata_tajbir/25077 (deleted)
7812de5bd000-7812de5be000 ---p 00000000 00:00 0 
7812de5be000-7812de5bf000 r--p 00000000 00:00 0 
7812de5bf000-7812de5c0000 ---p 00000000 00:00 0 
7812de5c0000-7812de5c2000 rw-p 00000000 00:00 0 
7812de5c2000-7812de5c3000 r--p 00000000 103:02 3971191                   /usr/lib/x86_64-linux-gnu/ld-linux-x86-64.so.2
7812de5c3000-7812de5ee000 r-xp 00001000 103:02 3971191                   /usr/lib/x86_64-linux-gnu/ld-linux-x86-64.so.2
7812de5ee000-7812de5f8000 r--p 0002c000 103:02 3971191                   /usr/lib/x86_64-linux-gnu/ld-linux-x86-64.so.2
7812de5f8000-7812de5fa000 r--p 00036000 103:02 3971191                   /usr/lib/x86_64-linux-gnu/ld-linux-x86-64.so.2
7812de5fa000-7812de5fc000 rw-p 00038000 103:02 3971191                   /usr/lib/x86_64-linux-gnu/ld-linux-x86-64.so.2
7ffcc9337000-7ffcc9358000 rw-p 00000000 00:00 0                          [stack]
7ffcc93f0000-7ffcc93f4000 r--p 00000000 00:00 0                          [vvar]
7ffcc93f4000-7ffcc93f6000 r-xp 00000000 00:00 0                          [vdso]
ffffffffff600000-ffffffffff601000 --xp 00000000 00:00 0                  [vsyscall]
Total number of mappings: 314


VM Arguments:
jvm_args: -Djava.rmi.server.hostname=127.0.0.1 -Duser.timezone=UTC -Xmx2048m -Xms128m -Djdbc.classpath=/tmp/RemoteDriver278.classpath.txt --add-exports=java.desktop/sun.awt=ALL-UNNAMED --add-exports=java.desktop/java.awt.peer=ALL-UNNAMED --add-opens=java.desktop/java.awt=ALL-UNNAMED --add-opens=jdk.unsupported/sun.misc=ALL-UNNAMED --add-opens=java.base/java.nio=ALL-UNNAMED --add-opens=java.base/java.util=ALL-UNNAMED -Dfile.encoding=UTF-8 -Dsun.stdout.encoding=UTF-8 -Dsun.stderr.encoding=UTF-8 -Dawt.toolkit.name=XToolkit 
java_command: com.intellij.database.remote.RemoteJdbcServer org.postgresql.Driver
java_class_path (initial): /media/tajbir/es-ssd/installs/idea-IU-243.22562.145/lib/util_rt.jar:/media/tajbir/es-ssd/installs/idea-IU-243.22562.145/lib/util-8.jar:/media/tajbir/es-ssd/installs/idea-IU-243.22562.145/lib/groovy.jar:/media/tajbir/es-ssd/installs/idea-IU-243.22562.145/plugins/DatabaseTools/lib/jdbc-console.jar:/media/tajbir/es-ssd/installs/idea-IU-243.22562.145/plugins/grid-core-impl/lib/jdbc-console-types.jar:/media/tajbir/es-ssd/installs/idea-IU-243.22562.145/lib/util.jar:/media/tajbir/es-ssd/installs/idea-IU-243.22562.145/lib/bouncy-castle.jar
Launcher Type: SUN_STANDARD

[Global flags]
     intx CICompilerCount                          = 3                                         {product} {ergonomic}
     uint ConcGCThreads                            = 1                                         {product} {ergonomic}
     uint G1ConcRefinementThreads                  = 4                                         {product} {ergonomic}
   size_t G1HeapRegionSize                         = 1048576                                   {product} {ergonomic}
    uintx GCDrainStackTargetSize                   = 64                                        {product} {ergonomic}
   size_t InitialHeapSize                          = 134217728                                 {product} {command line}
   size_t MarkStackSize                            = 4194304                                   {product} {ergonomic}
   size_t MaxHeapSize                              = 2147483648                                {product} {command line}
   size_t MaxNewSize                               = 1287651328                                {product} {ergonomic}
   size_t MinHeapDeltaBytes                        = 1048576                                   {product} {ergonomic}
   size_t MinHeapSize                              = 134217728                                 {product} {command line}
    uintx NonNMethodCodeHeapSize                   = 5832780                                {pd product} {ergonomic}
    uintx NonProfiledCodeHeapSize                  = 122912730                              {pd product} {ergonomic}
    uintx ProfiledCodeHeapSize                     = 122912730                              {pd product} {ergonomic}
    uintx ReservedCodeCacheSize                    = 251658240                              {pd product} {ergonomic}
     bool SegmentedCodeCache                       = true                                      {product} {ergonomic}
   size_t SoftMaxHeapSize                          = 2147483648                             {manageable} {ergonomic}
     bool UseCompressedOops                        = true                           {product lp64_product} {ergonomic}
     bool UseG1GC                                  = true                                      {product} {ergonomic}

Logging:
Log output configuration:
 #0: 
[error occurred during error reporting (printing log configuration), id 0xb, SIGSEGV (0xb) at pc=0x00007812dd798656]
Environment Variables:
PATH=/usr/local/sbin:/usr/local/bin:/usr/sbin:/usr/bin:/sbin:/bin:/usr/games:/usr/local/games:/snap/bin
USERNAME=tajbir
SHELL=/bin/bash
DISPLAY=:0
LANG=en_US.UTF-8

Active Locale:
LC_ALL=en_US.UTF-8
LC_COLLATE=en_US.UTF-8
LC_CTYPE=en_US.UTF-8
LC_MESSAGES=en_US.UTF-8
LC_MONETARY=en_US.UTF-8
LC_NUMERIC=en_US.UTF-8
LC_TIME=en_US.UTF-8

Signal Handlers:
   SIGSEGV: 0x00007812ddc086f0 in libjvm.so+16811760, mask=11100100010111111101111111111110, flags=SA_RESTART|SA_SIGINFO, unblocked
    SIGBUS: 0x00007812ddc086f0 in libjvm.so+16811760, mask=11100100010111111101111111111110, flags=SA_RESTART|SA_SIGINFO, unblocked
    SIGFPE: 0x00007812ddc086f0 in libjvm.so+16811760, mask=11100100010111111101111111111110, flags=SA_RESTART|SA_SIGINFO, unblocked
   SIGPIPE: 0x00007812dda6f160 in libjvm.so+15135072, mask=11100100010111111101111111111110, flags=SA_RESTART|SA_SIGINFO, blocked
  *** Handler was modified!
  *** Expected: 0x00007812d818eb00, mask=00001111001101011000000000011011, flags=SA_RESTART|SA_SIGINFO
   SIGXFSZ: 0x00007812dda6f160 in libjvm.so+15135072, mask=11100100010111111101111111111110, flags=SA_RESTART|SA_SIGINFO, blocked
  *** Handler was modified!
  *** Expected: 0x00007812d801aa70, mask=00000100100000000000000000011011, flags=SA_RESTART|SA_SIGINFO
    SIGILL: 0x00007812ddc086f0 in libjvm.so+16811760, mask=11100100010111111101111111111110, flags=SA_RESTART|SA_SIGINFO, unblocked
   SIGUSR2: 0x00007812dda70a70 in libjvm.so+15141488, mask=00000000000000000000000000000000, flags=SA_RESTART|SA_SIGINFO, blocked
  *** Handler was modified!
  *** Expected: 0x00007812de0084e0 in libjvm.so+21005536, mask=00000000000000000000000000000000, flags=SA_SIGINFO|SA_NOCLDWAIT|Unknown_flags:400008
    SIGHUP: 0x00007812dda6e690 in libjvm.so+15132304, mask=11100100010111111101111111111110, flags=SA_RESTART|SA_SIGINFO, blocked
    SIGINT: 0x00007812dda6e690 in libjvm.so+15132304, mask=11100100010111111101111111111110, flags=SA_RESTART|SA_SIGINFO, blocked
   SIGTERM: 0x00007812dda6e690 in libjvm.so+15132304, mask=11100100010111111101111111111110, flags=SA_RESTART|SA_SIGINFO, blocked
   SIGQUIT: 0x00007812dda6e690 in libjvm.so+15132304, mask=11100100010111111101111111111110, flags=SA_RESTART|SA_SIGINFO, blocked
   SIGTRAP: 0x00007812ddc086f0 in libjvm.so+16811760, mask=11100100010111111101111111111110, flags=SA_RESTART|SA_SIGINFO, unblocked


Periodic native trim disabled

JNI global refs:
JNI global refs: 17, weak refs: 0

JNI global refs memory usage: 859, weak refs: 225

Process memory usage:
Resident Set Size: 207512K (1% of 11999584K total physical memory with 8344120K free physical memory)

OOME stack traces (most recent first):
Classloader memory used:
Loader bootstrap                                                                       : 11723K
Loader jdk.internal.loader.ClassLoaders$AppClassLoader                                 : 3414K
Loader com.intellij.database.remote.jdbc.impl.JdbcClassLoader$JdbcClassLoaderImpl      : 1884K
Loader jdk.internal.loader.ClassLoaders$PlatformClassLoader                            : 668K
Loader jdk.internal.reflect.DelegatingClassLoader                                      : 143K
Loader com.intellij.database.remote.jdbc.impl.JdbcClassLoader$1                        : 7408B

---------------  S Y S T E M  ---------------

OS:
DISTRIB_ID=Ubuntu
DISTRIB_RELEASE=24.04
DISTRIB_CODENAME=noble
DISTRIB_DESCRIPTION="Ubuntu 24.04.1 LTS"
uname: Linux 6.8.0-52-generic #53-Ubuntu SMP PREEMPT_DYNAMIC Sat Jan 11 00:06:25 UTC 2025 x86_64
OS uptime: 0 days 3:30 hours
libc: glibc 2.39 NPTL 2.39 
rlimit (soft/hard): STACK 8192k/infinity , CORE 0k/infinity , NPROC 46595/46595 , NOFILE 1048576/1048576 , AS infinity/infinity , CPU infinity/infinity , DATA infinity/infinity , FSIZE infinity/infinity , MEMLOCK 1499948k/1499948k
load average: 0.72 0.37 0.54

/proc/meminfo:
MemTotal:       11999584 kB
MemFree:         5005328 kB
MemAvailable:    8344120 kB
Buffers:           45296 kB
Cached:          3886736 kB
SwapCached:        30920 kB
Active:          2596224 kB
Inactive:        3708108 kB
Active(anon):    1714784 kB
Inactive(anon):  1075260 kB
Active(file):     881440 kB
Inactive(file):  2632848 kB
Unevictable:      137468 kB
Mlocked:              48 kB
SwapTotal:       4194300 kB
SwapFree:        3445756 kB
Zswap:                 0 kB
Zswapped:              0 kB
Dirty:              3052 kB
Writeback:             0 kB
AnonPages:       2492264 kB
Mapped:           555764 kB
Shmem:            417744 kB
KReclaimable:     137364 kB
Slab:             331788 kB
SReclaimable:     137364 kB
SUnreclaim:       194424 kB
KernelStack:       18336 kB
PageTables:        66592 kB
SecPageTables:         0 kB
NFS_Unstable:          0 kB
Bounce:                0 kB
WritebackTmp:          0 kB
CommitLimit:    10194092 kB
Committed_AS:   32962728 kB
VmallocTotal:   34359738367 kB
VmallocUsed:       51832 kB
VmallocChunk:          0 kB
Percpu:             3776 kB
HardwareCorrupted:     0 kB
AnonHugePages:         0 kB
ShmemHugePages:   286720 kB
ShmemPmdMapped:        0 kB
FileHugePages:         0 kB
FilePmdMapped:         0 kB
Unaccepted:            0 kB
HugePages_Total:       0
HugePages_Free:        0
HugePages_Rsvd:        0
HugePages_Surp:        0
Hugepagesize:       2048 kB
Hugetlb:               0 kB
DirectMap4k:      205824 kB
DirectMap2M:     4788224 kB
DirectMap1G:     7340032 kB

/sys/kernel/mm/transparent_hugepage/enabled: always [madvise] never
/sys/kernel/mm/transparent_hugepage/hpage_pmd_size: 2097152
/sys/kernel/mm/transparent_hugepage/defrag (defrag/compaction efforts parameter): always defer defer+madvise [madvise] never

Process Memory:
Virtual Size: 5732360K (peak: 5735884K)
Resident Set Size: 207512K (peak: 217288K) (anon: 171752K, file: 35760K, shmem: 0K)
Swapped out: 0K
C-Heap outstanding allocations: 18729K, retained: 49782K
glibc malloc tunables: (default)

/proc/sys/kernel/threads-max (system-wide limit on the number of threads): 93190
/proc/sys/vm/max_map_count (maximum number of memory map areas a process may have): 1048576
/proc/sys/vm/swappiness (control to define how aggressively the kernel swaps out anonymous memory): 60
/proc/sys/kernel/pid_max (system-wide limit on number of process identifiers): 4194304

container (cgroup) information:
container_type: cgroupv2
cpu_cpuset_cpus: not supported
cpu_memory_nodes: not supported
active_processor_count: 4
cpu_quota: not supported
cpu_period: not supported
cpu_shares: not supported
memory_limit_in_bytes: unlimited
memory_and_swap_limit_in_bytes: unlimited
memory_soft_limit_in_bytes: unlimited
memory_usage_in_bytes: 2870888 k
memory_max_usage_in_bytes: not supported
memory_swap_current_in_bytes: 36 k
memory_swap_max_limit_in_bytes: unlimited
maximum number of tasks: 13978
current number of tasks: 26

Steal ticks since vm start: 0
Steal ticks percentage since vm start:  0.000

CPU: total 4 (initial active 4) (2 cores per cpu, 2 threads per core) family 6 model 140 stepping 1 microcode 0xb8, cx8, cmov, fxsr, ht, mmx, 3dnowpref, sse, sse2, sse3, ssse3, sse4.1, sse4.2, popcnt, lzcnt, tsc, tscinvbit, avx, avx2, aes, erms, clmul, bmi1, bmi2, adx, avx512f, avx512dq, avx512cd, avx512bw, avx512vl, sha, fma, vzeroupper, avx512_vpopcntdq, avx512_vpclmulqdq, avx512_vaes, avx512_vnni, clflush, clflushopt, clwb, avx512_vbmi2, avx512_vbmi, rdtscp, rdpid, fsrm, gfni, avx512_bitalg, f16c, pku, ospke, cet_ibt, cet_ss, avx512_ifma
CPU Model and flags from /proc/cpuinfo:
model name	: 11th Gen Intel(R) Core(TM) i3-1115G4 @ 3.00GHz
flags		: fpu vme de pse tsc msr pae mce cx8 apic sep mtrr pge mca cmov pat pse36 clflush dts acpi mmx fxsr sse sse2 ss ht tm pbe syscall nx pdpe1gb rdtscp lm constant_tsc art arch_perfmon pebs bts rep_good nopl xtopology nonstop_tsc cpuid aperfmperf tsc_known_freq pni pclmulqdq dtes64 monitor ds_cpl vmx est tm2 ssse3 sdbg fma cx16 xtpr pdcm pcid sse4_1 sse4_2 x2apic movbe popcnt tsc_deadline_timer aes xsave avx f16c rdrand lahf_lm abm 3dnowprefetch cpuid_fault epb cat_l2 cdp_l2 ssbd ibrs ibpb stibp ibrs_enhanced tpr_shadow flexpriority ept vpid ept_ad fsgsbase tsc_adjust bmi1 avx2 smep bmi2 erms invpcid rdt_a avx512f avx512dq rdseed adx smap avx512ifma clflushopt clwb intel_pt avx512cd sha_ni avx512bw avx512vl xsaveopt xsavec xgetbv1 xsaves split_lock_detect user_shstk dtherm ida arat pln pts hwp hwp_notify hwp_act_window hwp_epp hwp_pkg_req vnmi avx512vbmi umip pku ospke avx512_vbmi2 gfni vaes vpclmulqdq avx512_vnni avx512_bitalg avx512_vpopcntdq rdpid movdiri movdir64b fsrm avx512_vp2intersect md_clear ibt flush_l1d arch_capabilities

Online cpus: 0-3
Offline cpus: 
BIOS frequency limitation: <Not Available>
Frequency switch latency (ns): 0
Available cpu frequencies: <Not Available>
Current governor: powersave
Core performance/turbo boost: <Not Available>

Memory: 4k page, physical 11999584k(8344120k free), swap 4194300k(3445756k free)
Page Sizes: 4k

vm_info: OpenJDK 64-Bit Server VM (21.0.5+8-b631.28) for linux-amd64 JRE (21.0.5+8-b631.28), built on 2024-11-23 by "builduser" with gcc 10.2.1 20210130 (Red Hat 10.2.1-11.1.0.1)

END.
